<?xml version="1.0" encoding="UTF-8"?>
<coverage generated="1763481643277" clover="3.2.0">
  <project timestamp="1763481643277" name="All files">
    <metrics statements="594" coveredstatements="594" conditionals="316" coveredconditionals="316" methods="148" coveredmethods="148" elements="1058" coveredelements="1058" complexity="0" loc="594" ncloc="594" packages="10" files="23" classes="23"/>
    <package name="src">
      <metrics statements="61" coveredstatements="61" conditionals="17" coveredconditionals="17" methods="8" coveredmethods="8"/>
      <file name="App.js" path="/home/runner/work/BudgetBuddy/BudgetBuddy/src/App.js">
        <metrics statements="1" coveredstatements="1" conditionals="0" coveredconditionals="0" methods="1" coveredmethods="1"/>
        <line num="33" count="5" type="stmt"/>
      </file>
      <file name="firebaseConfig.js" path="/home/runner/work/BudgetBuddy/BudgetBuddy/src/firebaseConfig.js">
        <metrics statements="4" coveredstatements="4" conditionals="0" coveredconditionals="0" methods="0" coveredmethods="0"/>
        <line num="20" count="1" type="stmt"/>
        <line num="30" count="1" type="stmt"/>
        <line num="34" count="1" type="stmt"/>
        <line num="38" count="1" type="stmt"/>
      </file>
      <file name="index.js" path="/home/runner/work/BudgetBuddy/BudgetBuddy/src/index.js">
        <metrics statements="3" coveredstatements="3" conditionals="0" coveredconditionals="0" methods="0" coveredmethods="0"/>
        <line num="7" count="2" type="stmt"/>
        <line num="8" count="2" type="stmt"/>
        <line num="17" count="2" type="stmt"/>
      </file>
      <file name="reportWebVitals.js" path="/home/runner/work/BudgetBuddy/BudgetBuddy/src/reportWebVitals.js">
        <metrics statements="10" coveredstatements="10" conditionals="3" coveredconditionals="3" methods="3" coveredmethods="3"/>
        <line num="1" count="4" type="stmt"/>
        <line num="3" count="4" type="cond" truecount="1" falsecount="0"/>
        <line num="4" count="3" type="cond" truecount="2" falsecount="0"/>
        <line num="5" count="2" type="stmt"/>
        <line num="6" count="2" type="stmt"/>
        <line num="7" count="2" type="stmt"/>
        <line num="8" count="2" type="stmt"/>
        <line num="9" count="2" type="stmt"/>
        <line num="10" count="2" type="stmt"/>
        <line num="13" count="1" type="stmt"/>
      </file>
      <file name="testFirebase.jsx" path="/home/runner/work/BudgetBuddy/BudgetBuddy/src/testFirebase.jsx">
        <metrics statements="43" coveredstatements="43" conditionals="14" coveredconditionals="14" methods="4" coveredmethods="4"/>
        <line num="12" count="23" type="stmt"/>
        <line num="13" count="23" type="stmt"/>
        <line num="14" count="23" type="stmt"/>
        <line num="16" count="23" type="stmt"/>
        <line num="17" count="4" type="stmt"/>
        <line num="18" count="4" type="stmt"/>
        <line num="19" count="4" type="stmt"/>
        <line num="20" count="2" type="stmt"/>
        <line num="22" count="2" type="stmt"/>
        <line num="23" count="2" type="stmt"/>
        <line num="24" count="2" type="stmt"/>
        <line num="26" count="2" type="stmt"/>
        <line num="27" count="2" type="stmt"/>
        <line num="28" count="2" type="cond" truecount="2" falsecount="0"/>
        <line num="29" count="2" type="stmt"/>
        <line num="31" count="2" type="stmt"/>
        <line num="32" count="2" type="cond" truecount="2" falsecount="0"/>
        <line num="36" count="23" type="stmt"/>
        <line num="38" count="3" type="stmt"/>
        <line num="39" count="3" type="stmt"/>
        <line num="41" count="3" type="stmt"/>
        <line num="42" count="3" type="stmt"/>
        <line num="44" count="3" type="stmt"/>
        <line num="45" count="3" type="stmt"/>
        <line num="47" count="2" type="cond" truecount="2" falsecount="0"/>
        <line num="48" count="1" type="stmt"/>
        <line num="49" count="1" type="stmt"/>
        <line num="51" count="2" type="stmt"/>
        <line num="53" count="2" type="stmt"/>
        <line num="54" count="2" type="stmt"/>
        <line num="55" count="2" type="stmt"/>
        <line num="57" count="2" type="stmt"/>
        <line num="58" count="2" type="stmt"/>
        <line num="59" count="2" type="cond" truecount="2" falsecount="0"/>
        <line num="60" count="2" type="stmt"/>
        <line num="62" count="1" type="stmt"/>
        <line num="63" count="1" type="cond" truecount="2" falsecount="0"/>
        <line num="67" count="23" type="stmt"/>
        <line num="68" count="1" type="stmt"/>
        <line num="69" count="1" type="stmt"/>
        <line num="70" count="1" type="stmt"/>
        <line num="71" count="1" type="stmt"/>
        <line num="74" count="23" type="stmt"/>
      </file>
    </package>
    <package name="src.components.Auth">
      <metrics statements="87" coveredstatements="87" conditionals="51" coveredconditionals="51" methods="22" coveredmethods="22"/>
      <file name="Login.jsx" path="/home/runner/work/BudgetBuddy/BudgetBuddy/src/components/Auth/Login.jsx">
        <metrics statements="31" coveredstatements="31" conditionals="12" coveredconditionals="12" methods="6" coveredmethods="6"/>
        <line num="27" count="102" type="stmt"/>
        <line num="28" count="101" type="stmt"/>
        <line num="29" count="101" type="stmt"/>
        <line num="30" count="101" type="stmt"/>
        <line num="31" count="101" type="stmt"/>
        <line num="34" count="101" type="stmt"/>
        <line num="37" count="101" type="stmt"/>
        <line num="38" count="101" type="stmt"/>
        <line num="41" count="101" type="stmt"/>
        <line num="42" count="27" type="cond" truecount="2" falsecount="0"/>
        <line num="43" count="1" type="stmt"/>
        <line num="45" count="1" type="stmt"/>
        <line num="63" count="20" type="stmt"/>
        <line num="65" count="20" type="stmt"/>
        <line num="67" count="20" type="stmt"/>
        <line num="70" count="20" type="stmt"/>
        <line num="73" count="20" type="stmt"/>
        <line num="76" count="7" type="stmt"/>
        <line num="79" count="11" type="cond" truecount="4" falsecount="0"/>
        <line num="81" count="4" type="stmt"/>
        <line num="82" count="4" type="stmt"/>
        <line num="84" count="2" type="stmt"/>
        <line num="85" count="2" type="stmt"/>
        <line num="87" count="2" type="stmt"/>
        <line num="88" count="2" type="stmt"/>
        <line num="90" count="3" type="stmt"/>
        <line num="94" count="18" type="stmt"/>
        <line num="98" count="101" type="stmt"/>
        <line num="115" count="1" type="stmt"/>
        <line num="171" count="19" type="stmt"/>
        <line num="191" count="19" type="stmt"/>
      </file>
      <file name="Signup.jsx" path="/home/runner/work/BudgetBuddy/BudgetBuddy/src/components/Auth/Signup.jsx">
        <metrics statements="56" coveredstatements="56" conditionals="39" coveredconditionals="39" methods="16" coveredmethods="16"/>
        <line num="28" count="147" type="stmt"/>
        <line num="29" count="147" type="stmt"/>
        <line num="30" count="147" type="stmt"/>
        <line num="31" count="147" type="stmt"/>
        <line num="32" count="147" type="stmt"/>
        <line num="33" count="147" type="stmt"/>
        <line num="34" count="147" type="stmt"/>
        <line num="35" count="147" type="stmt"/>
        <line num="36" count="147" type="stmt"/>
        <line num="37" count="147" type="cond" truecount="3" falsecount="0"/>
        <line num="51" count="147" type="stmt"/>
        <line num="52" count="24" type="stmt"/>
        <line num="53" count="24" type="stmt"/>
        <line num="54" count="24" type="stmt"/>
        <line num="55" count="24" type="stmt"/>
        <line num="57" count="24" type="cond" truecount="2" falsecount="0"/>
        <line num="58" count="2" type="stmt"/>
        <line num="60" count="22" type="cond" truecount="2" falsecount="0"/>
        <line num="61" count="2" type="stmt"/>
        <line num="63" count="20" type="cond" truecount="2" falsecount="0"/>
        <line num="64" count="2" type="stmt"/>
        <line num="66" count="18" type="cond" truecount="2" falsecount="0"/>
        <line num="67" count="2" type="stmt"/>
        <line num="70" count="16" type="stmt"/>
        <line num="86" count="24" type="stmt"/>
        <line num="89" count="24" type="stmt"/>
        <line num="92" count="24" type="stmt"/>
        <line num="93" count="24" type="cond" truecount="2" falsecount="0"/>
        <line num="94" count="8" type="stmt"/>
        <line num="95" count="8" type="stmt"/>
        <line num="99" count="16" type="cond" truecount="2" falsecount="0"/>
        <line num="100" count="2" type="stmt"/>
        <line num="101" count="2" type="stmt"/>
        <line num="104" count="14" type="stmt"/>
        <line num="106" count="14" type="stmt"/>
        <line num="109" count="14" type="stmt"/>
        <line num="112" count="5" type="stmt"/>
        <line num="115" count="7" type="cond" truecount="4" falsecount="0"/>
        <line num="117" count="3" type="stmt"/>
        <line num="118" count="3" type="stmt"/>
        <line num="120" count="1" type="stmt"/>
        <line num="121" count="1" type="stmt"/>
        <line num="123" count="2" type="stmt"/>
        <line num="124" count="2" type="stmt"/>
        <line num="126" count="1" type="stmt"/>
        <line num="127" count="1" type="stmt"/>
        <line num="131" count="12" type="stmt"/>
        <line num="135" count="147" type="stmt"/>
        <line num="152" count="1" type="stmt"/>
        <line num="187" count="20" type="stmt"/>
        <line num="202" count="24" type="stmt"/>
        <line num="208" count="2" type="stmt"/>
        <line num="213" count="4" type="cond" truecount="2" falsecount="0"/>
        <line num="228" count="24" type="stmt"/>
        <line num="234" count="2" type="stmt"/>
        <line num="239" count="4" type="cond" truecount="2" falsecount="0"/>
      </file>
    </package>
    <package name="src.components.Charts">
      <metrics statements="10" coveredstatements="10" conditionals="0" coveredconditionals="0" methods="4" coveredmethods="4"/>
      <file name="BarChart.jsx" path="/home/runner/work/BudgetBuddy/BudgetBuddy/src/components/Charts/BarChart.jsx">
        <metrics statements="3" coveredstatements="3" conditionals="0" coveredconditionals="0" methods="1" coveredmethods="1"/>
        <line num="5" count="2" type="stmt"/>
        <line num="15" count="98" type="stmt"/>
        <line num="45" count="98" type="stmt"/>
      </file>
      <file name="LineChart.jsx" path="/home/runner/work/BudgetBuddy/BudgetBuddy/src/components/Charts/LineChart.jsx">
        <metrics statements="4" coveredstatements="4" conditionals="0" coveredconditionals="0" methods="2" coveredmethods="2"/>
        <line num="9" count="2" type="stmt"/>
        <line num="41" count="106" type="stmt"/>
        <line num="72" count="9" type="stmt"/>
        <line num="79" count="106" type="stmt"/>
      </file>
      <file name="PieChart.jsx" path="/home/runner/work/BudgetBuddy/BudgetBuddy/src/components/Charts/PieChart.jsx">
        <metrics statements="3" coveredstatements="3" conditionals="0" coveredconditionals="0" methods="1" coveredmethods="1"/>
        <line num="9" count="3" type="stmt"/>
        <line num="33" count="193" type="stmt"/>
        <line num="48" count="193" type="stmt"/>
      </file>
    </package>
    <package name="src.components.Dashboard">
      <metrics statements="38" coveredstatements="38" conditionals="22" coveredconditionals="22" methods="13" coveredmethods="13"/>
      <file name="DashboardOverview.jsx" path="/home/runner/work/BudgetBuddy/BudgetBuddy/src/components/Dashboard/DashboardOverview.jsx">
        <metrics statements="38" coveredstatements="38" conditionals="22" coveredconditionals="22" methods="13" coveredmethods="13"/>
        <line num="10" count="28" type="stmt"/>
        <line num="11" count="28" type="stmt"/>
        <line num="14" count="28" type="stmt"/>
        <line num="20" count="28" type="stmt"/>
        <line num="21" count="18" type="cond" truecount="2" falsecount="0"/>
        <line num="23" count="17" type="stmt"/>
        <line num="28" count="17" type="stmt"/>
        <line num="29" count="17" type="stmt"/>
        <line num="30" count="17" type="stmt"/>
        <line num="31" count="34" type="stmt"/>
        <line num="35" count="17" type="stmt"/>
        <line num="36" count="23" type="cond" truecount="4" falsecount="0"/>
        <line num="37" count="22" type="stmt"/>
        <line num="39" count="1" type="stmt"/>
        <line num="42" count="17" type="stmt"/>
        <line num="44" count="17" type="stmt"/>
        <line num="49" count="17" type="stmt"/>
        <line num="50" count="17" type="stmt"/>
        <line num="56" count="28" type="stmt"/>
        <line num="59" count="28" type="stmt"/>
        <line num="61" count="28" type="stmt"/>
        <line num="62" count="28" type="stmt"/>
        <line num="63" count="28" type="cond" truecount="2" falsecount="0"/>
        <line num="66" count="3" type="stmt"/>
        <line num="69" count="28" type="cond" truecount="2" falsecount="0"/>
        <line num="72" count="28" type="stmt"/>
        <line num="73" count="28" type="cond" truecount="2" falsecount="0"/>
        <line num="74" count="28" type="stmt"/>
        <line num="77" count="28" type="cond" truecount="2" falsecount="0"/>
        <line num="78" count="16" type="stmt"/>
        <line num="82" count="28" type="stmt"/>
        <line num="84" count="28" type="stmt"/>
        <line num="85" count="27" type="cond" truecount="2" falsecount="0"/>
        <line num="86" count="26" type="stmt"/>
        <line num="87" count="26" type="stmt"/>
        <line num="91" count="26" type="stmt"/>
        <line num="94" count="28" type="stmt"/>
        <line num="172" count="27" type="stmt"/>
      </file>
    </package>
    <package name="src.components.Expense">
      <metrics statements="177" coveredstatements="177" conditionals="103" coveredconditionals="103" methods="39" coveredmethods="39"/>
      <file name="ExpenseForm.jsx" path="/home/runner/work/BudgetBuddy/BudgetBuddy/src/components/Expense/ExpenseForm.jsx">
        <metrics statements="107" coveredstatements="107" conditionals="74" coveredconditionals="74" methods="21" coveredmethods="21"/>
        <line num="16" count="94" type="cond" truecount="2" falsecount="0"/>
        <line num="17" count="94" type="cond" truecount="2" falsecount="0"/>
        <line num="18" count="94" type="cond" truecount="2" falsecount="0"/>
        <line num="19" count="94" type="cond" truecount="2" falsecount="0"/>
        <line num="20" count="94" type="stmt"/>
        <line num="21" count="94" type="stmt"/>
        <line num="22" count="94" type="stmt"/>
        <line num="25" count="94" type="stmt"/>
        <line num="28" count="94" type="stmt"/>
        <line num="38" count="94" type="stmt"/>
        <line num="41" count="94" type="stmt"/>
        <line num="42" count="22" type="cond" truecount="2" falsecount="0"/>
        <line num="45" count="21" type="stmt"/>
        <line num="47" count="21" type="stmt"/>
        <line num="48" count="21" type="stmt"/>
        <line num="51" count="20" type="stmt"/>
        <line num="52" count="18" type="stmt"/>
        <line num="53" count="18" type="stmt"/>
        <line num="54" count="18" type="stmt"/>
        <line num="56" count="18" type="stmt"/>
        <line num="60" count="1" type="stmt"/>
        <line num="64" count="21" type="stmt"/>
        <line num="65" count="21" type="stmt"/>
        <line num="67" count="21" type="cond" truecount="2" falsecount="0"/>
        <line num="68" count="20" type="stmt"/>
        <line num="71" count="1" type="stmt"/>
        <line num="77" count="94" type="stmt"/>
        <line num="79" count="408" type="stmt"/>
        <line num="85" count="94" type="stmt"/>
        <line num="86" count="49" type="cond" truecount="4" falsecount="0"/>
        <line num="87" count="16" type="stmt"/>
        <line num="88" count="16" type="stmt"/>
        <line num="93" count="94" type="stmt"/>
        <line num="94" count="22" type="cond" truecount="2" falsecount="0"/>
        <line num="95" count="6" type="stmt"/>
        <line num="96" count="6" type="stmt"/>
        <line num="97" count="6" type="stmt"/>
        <line num="98" count="6" type="stmt"/>
        <line num="102" count="94" type="cond" truecount="2" falsecount="0"/>
        <line num="104" count="94" type="cond" truecount="2" falsecount="0"/>
        <line num="105" count="7" type="cond" truecount="2" falsecount="0"/>
        <line num="106" count="2" type="cond" truecount="2" falsecount="0"/>
        <line num="107" count="2" type="cond" truecount="2" falsecount="0"/>
        <line num="108" count="2" type="cond" truecount="2" falsecount="0"/>
        <line num="109" count="2" type="cond" truecount="2" falsecount="0"/>
        <line num="111" count="5" type="stmt"/>
        <line num="112" count="5" type="stmt"/>
        <line num="113" count="5" type="stmt"/>
        <line num="114" count="5" type="stmt"/>
        <line num="116" count="7" type="cond" truecount="2" falsecount="0"/>
        <line num="117" count="3" type="stmt"/>
        <line num="118" count="3" type="stmt"/>
        <line num="133" count="94" type="stmt"/>
        <line num="135" count="12" type="stmt"/>
        <line num="136" count="12" type="cond" truecount="4" falsecount="0"/>
        <line num="137" count="1" type="stmt"/>
        <line num="141" count="11" type="cond" truecount="2" falsecount="0"/>
        <line num="142" count="1" type="stmt"/>
        <line num="146" count="10" type="cond" truecount="2" falsecount="0"/>
        <line num="147" count="1" type="stmt"/>
        <line num="151" count="9" type="stmt"/>
        <line num="152" count="9" type="stmt"/>
        <line num="153" count="9" type="stmt"/>
        <line num="155" count="9" type="cond" truecount="2" falsecount="0"/>
        <line num="156" count="1" type="stmt"/>
        <line num="159" count="8" type="stmt"/>
        <line num="162" count="94" type="stmt"/>
        <line num="163" count="12" type="stmt"/>
        <line num="166" count="12" type="stmt"/>
        <line num="167" count="12" type="stmt"/>
        <line num="170" count="12" type="stmt"/>
        <line num="171" count="12" type="cond" truecount="2" falsecount="0"/>
        <line num="172" count="4" type="stmt"/>
        <line num="173" count="4" type="stmt"/>
        <line num="174" count="4" type="stmt"/>
        <line num="177" count="8" type="stmt"/>
        <line num="179" count="8" type="stmt"/>
        <line num="181" count="8" type="cond" truecount="4" falsecount="0"/>
        <line num="183" count="3" type="cond" truecount="2" falsecount="0"/>
        <line num="192" count="5" type="stmt"/>
        <line num="199" count="5" type="stmt"/>
        <line num="201" count="4" type="stmt"/>
        <line num="202" count="4" type="stmt"/>
        <line num="204" count="4" type="cond" truecount="2" falsecount="0"/>
        <line num="205" count="3" type="stmt"/>
        <line num="208" count="4" type="stmt"/>
        <line num="213" count="1" type="stmt"/>
        <line num="214" count="1" type="stmt"/>
        <line num="217" count="8" type="stmt"/>
        <line num="221" count="94" type="stmt"/>
        <line num="223" count="11" type="stmt"/>
        <line num="226" count="11" type="stmt"/>
        <line num="227" count="11" type="cond" truecount="2" falsecount="0"/>
        <line num="228" count="1" type="stmt"/>
        <line num="232" count="10" type="cond" truecount="4" falsecount="0"/>
        <line num="233" count="1" type="stmt"/>
        <line num="236" count="9" type="stmt"/>
        <line num="239" count="94" type="stmt"/>
        <line num="242" count="3" type="stmt"/>
        <line num="243" count="3" type="cond" truecount="2" falsecount="0"/>
        <line num="244" count="2" type="stmt"/>
        <line num="248" count="94" type="stmt"/>
        <line num="267" count="11" type="stmt"/>
        <line num="284" count="10" type="stmt"/>
        <line num="299" count="2" type="stmt"/>
        <line num="303" count="632" type="cond" truecount="2" falsecount="0"/>
        <line num="318" count="8" type="stmt"/>
      </file>
      <file name="ExpenseList.jsx" path="/home/runner/work/BudgetBuddy/BudgetBuddy/src/components/Expense/ExpenseList.jsx">
        <metrics statements="70" coveredstatements="70" conditionals="29" coveredconditionals="29" methods="18" coveredmethods="18"/>
        <line num="30" count="37" type="stmt"/>
        <line num="31" count="37" type="stmt"/>
        <line num="32" count="37" type="stmt"/>
        <line num="33" count="37" type="stmt"/>
        <line num="34" count="37" type="stmt"/>
        <line num="35" count="37" type="stmt"/>
        <line num="36" count="37" type="stmt"/>
        <line num="37" count="37" type="stmt"/>
        <line num="40" count="37" type="stmt"/>
        <line num="43" count="37" type="stmt"/>
        <line num="58" count="37" type="stmt"/>
        <line num="59" count="10" type="stmt"/>
        <line num="60" count="10" type="stmt"/>
        <line num="61" count="10" type="stmt"/>
        <line num="64" count="10" type="stmt"/>
        <line num="65" count="9" type="stmt"/>
        <line num="67" count="1" type="stmt"/>
        <line num="69" count="10" type="stmt"/>
        <line num="81" count="37" type="stmt"/>
        <line num="82" count="11" type="cond" truecount="2" falsecount="0"/>
        <line num="83" count="10" type="stmt"/>
        <line num="97" count="37" type="stmt"/>
        <line num="98" count="37" type="stmt"/>
        <line num="101" count="37" type="cond" truecount="2" falsecount="0"/>
        <line num="102" count="4" type="stmt"/>
        <line num="103" count="8" type="stmt"/>
        <line num="108" count="37" type="stmt"/>
        <line num="109" count="20" type="stmt"/>
        <line num="111" count="20" type="cond" truecount="5" falsecount="0"/>
        <line num="113" count="13" type="stmt"/>
        <line num="114" count="13" type="stmt"/>
        <line num="116" count="2" type="stmt"/>
        <line num="117" count="2" type="stmt"/>
        <line num="119" count="2" type="stmt"/>
        <line num="120" count="2" type="stmt"/>
        <line num="122" count="2" type="stmt"/>
        <line num="123" count="2" type="stmt"/>
        <line num="125" count="1" type="stmt"/>
        <line num="129" count="20" type="cond" truecount="2" falsecount="0"/>
        <line num="132" count="37" type="stmt"/>
        <line num="144" count="37" type="stmt"/>
        <line num="145" count="3" type="stmt"/>
        <line num="146" count="3" type="stmt"/>
        <line num="158" count="37" type="stmt"/>
        <line num="159" count="2" type="stmt"/>
        <line num="161" count="2" type="stmt"/>
        <line num="164" count="2" type="stmt"/>
        <line num="167" count="1" type="stmt"/>
        <line num="168" count="1" type="stmt"/>
        <line num="170" count="1" type="stmt"/>
        <line num="171" count="1" type="stmt"/>
        <line num="172" count="1" type="stmt"/>
        <line num="179" count="37" type="stmt"/>
        <line num="180" count="1" type="stmt"/>
        <line num="181" count="1" type="stmt"/>
        <line num="190" count="37" type="stmt"/>
        <line num="191" count="44" type="cond" truecount="2" falsecount="0"/>
        <line num="192" count="43" type="stmt"/>
        <line num="193" count="43" type="stmt"/>
        <line num="197" count="43" type="stmt"/>
        <line num="206" count="37" type="stmt"/>
        <line num="207" count="47" type="stmt"/>
        <line num="214" count="37" type="stmt"/>
        <line num="216" count="37" type="stmt"/>
        <line num="229" count="2" type="stmt"/>
        <line num="232" count="333" type="stmt"/>
        <line num="244" count="5" type="stmt"/>
        <line num="258" count="4" type="cond" truecount="2" falsecount="0"/>
        <line num="297" count="44" type="stmt"/>
        <line num="327" count="3" type="stmt"/>
      </file>
    </package>
    <package name="src.components.Layout">
      <metrics statements="65" coveredstatements="65" conditionals="59" coveredconditionals="59" methods="20" coveredmethods="20"/>
      <file name="Navbar.jsx" path="/home/runner/work/BudgetBuddy/BudgetBuddy/src/components/Layout/Navbar.jsx">
        <metrics statements="21" coveredstatements="21" conditionals="20" coveredconditionals="20" methods="6" coveredmethods="6"/>
        <line num="6" count="8" type="stmt"/>
        <line num="7" count="8" type="stmt"/>
        <line num="9" count="8" type="stmt"/>
        <line num="10" count="8" type="stmt"/>
        <line num="11" count="8" type="cond" truecount="2" falsecount="0"/>
        <line num="12" count="4" type="cond" truecount="2" falsecount="0"/>
        <line num="13" count="3" type="cond" truecount="2" falsecount="0"/>
        <line num="14" count="2" type="cond" truecount="2" falsecount="0"/>
        <line num="15" count="1" type="stmt"/>
        <line num="18" count="8" type="stmt"/>
        <line num="19" count="8" type="stmt"/>
        <line num="20" count="8" type="cond" truecount="2" falsecount="0"/>
        <line num="21" count="4" type="cond" truecount="2" falsecount="0"/>
        <line num="22" count="3" type="cond" truecount="2" falsecount="0"/>
        <line num="23" count="2" type="cond" truecount="2" falsecount="0"/>
        <line num="24" count="1" type="stmt"/>
        <line num="27" count="8" type="stmt"/>
        <line num="28" count="2" type="cond" truecount="2" falsecount="0"/>
        <line num="29" count="1" type="stmt"/>
        <line num="33" count="8" type="stmt"/>
        <line num="38" count="2" type="stmt"/>
      </file>
      <file name="Navigation.jsx" path="/home/runner/work/BudgetBuddy/BudgetBuddy/src/components/Layout/Navigation.jsx">
        <metrics statements="24" coveredstatements="24" conditionals="16" coveredconditionals="16" methods="6" coveredmethods="6"/>
        <line num="29" count="9" type="stmt"/>
        <line num="32" count="9" type="stmt"/>
        <line num="35" count="9" type="stmt"/>
        <line num="38" count="9" type="stmt"/>
        <line num="49" count="9" type="stmt"/>
        <line num="50" count="2" type="stmt"/>
        <line num="51" count="2" type="stmt"/>
        <line num="52" count="1" type="stmt"/>
        <line num="54" count="1" type="stmt"/>
        <line num="56" count="2" type="stmt"/>
        <line num="67" count="9" type="stmt"/>
        <line num="68" count="3" type="stmt"/>
        <line num="69" count="3" type="stmt"/>
        <line num="72" count="3" type="cond" truecount="2" falsecount="0"/>
        <line num="73" count="2" type="stmt"/>
        <line num="75" count="1" type="stmt"/>
        <line num="86" count="9" type="stmt"/>
        <line num="87" count="1" type="stmt"/>
        <line num="88" count="1" type="stmt"/>
        <line num="97" count="9" type="stmt"/>
        <line num="98" count="52" type="stmt"/>
        <line num="107" count="9" type="stmt"/>
        <line num="108" count="52" type="cond" truecount="2" falsecount="0"/>
        <line num="111" count="9" type="stmt"/>
      </file>
      <file name="PrivateRoute.jsx" path="/home/runner/work/BudgetBuddy/BudgetBuddy/src/components/Layout/PrivateRoute.jsx">
        <metrics statements="7" coveredstatements="7" conditionals="5" coveredconditionals="5" methods="1" coveredmethods="1"/>
        <line num="33" count="4" type="stmt"/>
        <line num="36" count="4" type="stmt"/>
        <line num="44" count="4" type="cond" truecount="2" falsecount="0"/>
        <line num="45" count="1" type="stmt"/>
        <line num="64" count="3" type="cond" truecount="2" falsecount="0"/>
        <line num="65" count="2" type="stmt"/>
        <line num="80" count="1" type="stmt"/>
      </file>
      <file name="Sidebar.jsx" path="/home/runner/work/BudgetBuddy/BudgetBuddy/src/components/Layout/Sidebar.jsx">
        <metrics statements="13" coveredstatements="13" conditionals="18" coveredconditionals="18" methods="7" coveredmethods="7"/>
        <line num="6" count="1" type="stmt"/>
        <line num="7" count="8" type="stmt"/>
        <line num="9" count="8" type="stmt"/>
        <line num="16" count="8" type="stmt"/>
        <line num="31" count="1" type="stmt"/>
        <line num="40" count="1" type="stmt"/>
        <line num="41" count="1" type="stmt"/>
        <line num="53" count="32" type="stmt"/>
        <line num="57" count="40" type="cond" truecount="2" falsecount="0"/>
        <line num="60" count="2" type="stmt"/>
        <line num="62" count="2" type="cond" truecount="2" falsecount="0"/>
        <line num="63" count="1" type="stmt"/>
        <line num="96" count="1" type="stmt"/>
      </file>
    </package>
    <package name="src.components.UI">
      <metrics statements="20" coveredstatements="20" conditionals="20" coveredconditionals="20" methods="9" coveredmethods="9"/>
      <file name="Modal.jsx" path="/home/runner/work/BudgetBuddy/BudgetBuddy/src/components/UI/Modal.jsx">
        <metrics statements="4" coveredstatements="4" conditionals="7" coveredconditionals="7" methods="2" coveredmethods="2"/>
        <line num="4" count="6" type="cond" truecount="2" falsecount="0"/>
        <line num="5" count="5" type="cond" truecount="3" falsecount="0"/>
        <line num="7" count="5" type="stmt"/>
        <line num="14" count="2" type="stmt"/>
      </file>
      <file name="Toast.jsx" path="/home/runner/work/BudgetBuddy/BudgetBuddy/src/components/UI/Toast.jsx">
        <metrics statements="16" coveredstatements="16" conditionals="13" coveredconditionals="13" methods="7" coveredmethods="7"/>
        <line num="47" count="6" type="stmt"/>
        <line num="48" count="6" type="cond" truecount="4" falsecount="0"/>
        <line num="49" count="2" type="stmt"/>
        <line num="50" count="2" type="stmt"/>
        <line num="54" count="2" type="stmt"/>
        <line num="64" count="6" type="stmt"/>
        <line num="65" count="5" type="cond" truecount="5" falsecount="0"/>
        <line num="67" count="1" type="stmt"/>
        <line num="69" count="1" type="stmt"/>
        <line num="71" count="1" type="stmt"/>
        <line num="74" count="2" type="stmt"/>
        <line num="84" count="6" type="stmt"/>
        <line num="85" count="5" type="stmt"/>
        <line num="88" count="6" type="stmt"/>
        <line num="119" count="1" type="stmt"/>
        <line num="120" count="1" type="stmt"/>
      </file>
    </package>
    <package name="src.context">
      <metrics statements="16" coveredstatements="16" conditionals="2" coveredconditionals="2" methods="9" coveredmethods="9"/>
      <file name="AuthContext.js" path="/home/runner/work/BudgetBuddy/BudgetBuddy/src/context/AuthContext.js">
        <metrics statements="16" coveredstatements="16" conditionals="2" coveredconditionals="2" methods="9" coveredmethods="9"/>
        <line num="20" count="7" type="stmt"/>
        <line num="24" count="303" type="stmt"/>
        <line num="27" count="303" type="stmt"/>
        <line num="30" count="14" type="stmt"/>
        <line num="34" count="20" type="stmt"/>
        <line num="38" count="1" type="stmt"/>
        <line num="42" count="1" type="stmt"/>
        <line num="46" count="1" type="stmt"/>
        <line num="56" count="303" type="stmt"/>
        <line num="58" count="151" type="stmt"/>
        <line num="59" count="151" type="stmt"/>
        <line num="60" count="151" type="stmt"/>
        <line num="64" count="151" type="stmt"/>
        <line num="68" count="303" type="stmt"/>
        <line num="77" count="303" type="stmt"/>
        <line num="86" count="488" type="stmt"/>
      </file>
    </package>
    <package name="src.pages">
      <metrics statements="3" coveredstatements="3" conditionals="2" coveredconditionals="2" methods="2" coveredmethods="2"/>
      <file name="Landing.jsx" path="/home/runner/work/BudgetBuddy/BudgetBuddy/src/pages/Landing.jsx">
        <metrics statements="1" coveredstatements="1" conditionals="0" coveredconditionals="0" methods="1" coveredmethods="1"/>
        <line num="6" count="2" type="stmt"/>
      </file>
      <file name="PrivateRoute.jsx" path="/home/runner/work/BudgetBuddy/BudgetBuddy/src/pages/PrivateRoute.jsx">
        <metrics statements="2" coveredstatements="2" conditionals="2" coveredconditionals="2" methods="1" coveredmethods="1"/>
        <line num="22" count="2" type="stmt"/>
        <line num="26" count="2" type="cond" truecount="2" falsecount="0"/>
      </file>
    </package>
    <package name="src.services">
      <metrics statements="117" coveredstatements="117" conditionals="40" coveredconditionals="40" methods="22" coveredmethods="22"/>
      <file name="database.js" path="/home/runner/work/BudgetBuddy/BudgetBuddy/src/services/database.js">
        <metrics statements="117" coveredstatements="117" conditionals="40" coveredconditionals="40" methods="22" coveredmethods="22"/>
        <line num="38" count="1" type="stmt"/>
        <line num="39" count="2" type="stmt"/>
        <line num="41" count="2" type="cond" truecount="7" falsecount="0"/>
        <line num="42" count="1" type="stmt"/>
        <line num="46" count="1" type="stmt"/>
        <line num="54" count="1" type="stmt"/>
        <line num="55" count="1" type="stmt"/>
        <line num="57" count="1" type="stmt"/>
        <line num="58" count="1" type="stmt"/>
        <line num="62" count="1" type="stmt"/>
        <line num="63" count="2" type="stmt"/>
        <line num="64" count="2" type="stmt"/>
        <line num="65" count="2" type="stmt"/>
        <line num="66" count="1" type="stmt"/>
        <line num="67" count="1" type="stmt"/>
        <line num="68" count="1" type="stmt"/>
        <line num="70" count="1" type="stmt"/>
        <line num="72" count="1" type="stmt"/>
        <line num="73" count="1" type="stmt"/>
        <line num="85" count="1" type="stmt"/>
        <line num="86" count="2" type="stmt"/>
        <line num="88" count="2" type="cond" truecount="4" falsecount="0"/>
        <line num="89" count="1" type="stmt"/>
        <line num="93" count="1" type="stmt"/>
        <line num="99" count="1" type="stmt"/>
        <line num="100" count="1" type="stmt"/>
        <line num="102" count="1" type="stmt"/>
        <line num="103" count="1" type="stmt"/>
        <line num="114" count="1" type="stmt"/>
        <line num="115" count="2" type="stmt"/>
        <line num="117" count="2" type="cond" truecount="4" falsecount="0"/>
        <line num="118" count="1" type="stmt"/>
        <line num="122" count="1" type="stmt"/>
        <line num="123" count="1" type="stmt"/>
        <line num="125" count="1" type="stmt"/>
        <line num="126" count="1" type="stmt"/>
        <line num="140" count="1" type="stmt"/>
        <line num="141" count="2" type="stmt"/>
        <line num="143" count="2" type="cond" truecount="4" falsecount="0"/>
        <line num="144" count="1" type="stmt"/>
        <line num="148" count="1" type="stmt"/>
        <line num="156" count="1" type="stmt"/>
        <line num="157" count="1" type="stmt"/>
        <line num="159" count="1" type="stmt"/>
        <line num="160" count="1" type="stmt"/>
        <line num="164" count="1" type="stmt"/>
        <line num="165" count="2" type="stmt"/>
        <line num="166" count="2" type="stmt"/>
        <line num="167" count="2" type="stmt"/>
        <line num="168" count="1" type="stmt"/>
        <line num="169" count="1" type="stmt"/>
        <line num="170" count="1" type="stmt"/>
        <line num="172" count="1" type="stmt"/>
        <line num="174" count="1" type="stmt"/>
        <line num="175" count="1" type="stmt"/>
        <line num="187" count="1" type="stmt"/>
        <line num="188" count="2" type="stmt"/>
        <line num="190" count="2" type="cond" truecount="4" falsecount="0"/>
        <line num="191" count="1" type="stmt"/>
        <line num="195" count="1" type="stmt"/>
        <line num="201" count="1" type="stmt"/>
        <line num="202" count="1" type="stmt"/>
        <line num="204" count="1" type="stmt"/>
        <line num="205" count="1" type="stmt"/>
        <line num="216" count="1" type="stmt"/>
        <line num="217" count="2" type="stmt"/>
        <line num="219" count="2" type="cond" truecount="4" falsecount="0"/>
        <line num="220" count="1" type="stmt"/>
        <line num="224" count="1" type="stmt"/>
        <line num="225" count="1" type="stmt"/>
        <line num="227" count="1" type="stmt"/>
        <line num="228" count="1" type="stmt"/>
        <line num="239" count="1" type="stmt"/>
        <line num="240" count="3" type="stmt"/>
        <line num="242" count="3" type="cond" truecount="4" falsecount="0"/>
        <line num="243" count="1" type="stmt"/>
        <line num="247" count="2" type="stmt"/>
        <line num="253" count="2" type="stmt"/>
        <line num="254" count="1" type="stmt"/>
        <line num="255" count="1" type="stmt"/>
        <line num="256" count="1" type="stmt"/>
        <line num="263" count="1" type="stmt"/>
        <line num="265" count="1" type="stmt"/>
        <line num="266" count="1" type="stmt"/>
        <line num="269" count="2" type="stmt"/>
        <line num="271" count="1" type="stmt"/>
        <line num="272" count="1" type="stmt"/>
        <line num="283" count="1" type="stmt"/>
        <line num="284" count="3" type="stmt"/>
        <line num="286" count="3" type="cond" truecount="4" falsecount="0"/>
        <line num="287" count="1" type="stmt"/>
        <line num="291" count="2" type="stmt"/>
        <line num="297" count="2" type="stmt"/>
        <line num="298" count="1" type="stmt"/>
        <line num="299" count="1" type="stmt"/>
        <line num="300" count="1" type="stmt"/>
        <line num="307" count="1" type="stmt"/>
        <line num="309" count="1" type="stmt"/>
        <line num="310" count="1" type="stmt"/>
        <line num="313" count="2" type="stmt"/>
        <line num="315" count="1" type="stmt"/>
        <line num="316" count="1" type="stmt"/>
        <line num="328" count="1" type="stmt"/>
        <line num="329" count="3" type="stmt"/>
        <line num="331" count="3" type="cond" truecount="5" falsecount="0"/>
        <line num="332" count="1" type="stmt"/>
        <line num="336" count="2" type="stmt"/>
        <line num="343" count="2" type="stmt"/>
        <line num="344" count="1" type="stmt"/>
        <line num="345" count="1" type="stmt"/>
        <line num="346" count="1" type="stmt"/>
        <line num="353" count="1" type="stmt"/>
        <line num="355" count="1" type="stmt"/>
        <line num="356" count="1" type="stmt"/>
        <line num="359" count="2" type="stmt"/>
        <line num="361" count="1" type="stmt"/>
        <line num="362" count="1" type="stmt"/>
      </file>
    </package>
  </project>
</coverage>
