{"/home/runner/work/BudgetBuddy/BudgetBuddy/src/App.js": {"path":"/home/runner/work/BudgetBuddy/BudgetBuddy/src/App.js","statementMap":{"0":{"start":{"line":33,"column":2},"end":{"line":58,"column":4}}},"fnMap":{"0":{"name":"App","decl":{"start":{"line":32,"column":9},"end":{"line":32,"column":12}},"loc":{"start":{"line":32,"column":15},"end":{"line":59,"column":1}},"line":32}},"branchMap":{},"s":{"0":5},"f":{"0":5},"b":{},"_coverageSchema":"1a1c01bbd47fc00a2c39e90264f33305004495a9","hash":"02a5860a61c582341b1519f75872752149bed6b6"}
,"/home/runner/work/BudgetBuddy/BudgetBuddy/src/firebaseConfig.js": {"path":"/home/runner/work/BudgetBuddy/BudgetBuddy/src/firebaseConfig.js","statementMap":{"0":{"start":{"line":20,"column":23},"end":{"line":27,"column":1}},"1":{"start":{"line":30,"column":12},"end":{"line":30,"column":41}},"2":{"start":{"line":34,"column":20},"end":{"line":34,"column":32}},"3":{"start":{"line":38,"column":18},"end":{"line":38,"column":35}}},"fnMap":{},"branchMap":{},"s":{"0":1,"1":1,"2":1,"3":1},"f":{},"b":{},"_coverageSchema":"1a1c01bbd47fc00a2c39e90264f33305004495a9","hash":"4508aeeeb11894bfc8df471181e0abcee7f5b51b"}
,"/home/runner/work/BudgetBuddy/BudgetBuddy/src/index.js": {"path":"/home/runner/work/BudgetBuddy/BudgetBuddy/src/index.js","statementMap":{"0":{"start":{"line":7,"column":13},"end":{"line":7,"column":65}},"1":{"start":{"line":8,"column":0},"end":{"line":12,"column":2}},"2":{"start":{"line":17,"column":0},"end":{"line":17,"column":18}}},"fnMap":{},"branchMap":{},"s":{"0":2,"1":2,"2":2},"f":{},"b":{},"_coverageSchema":"1a1c01bbd47fc00a2c39e90264f33305004495a9","hash":"c4d096838bb72c7d53588f32461a9876fceb56bb"}
,"/home/runner/work/BudgetBuddy/BudgetBuddy/src/reportWebVitals.js": {"path":"/home/runner/work/BudgetBuddy/BudgetBuddy/src/reportWebVitals.js","statementMap":{"0":{"start":{"line":1,"column":29},"end":{"line":1,"column":55}},"1":{"start":{"line":1,"column":35},"end":{"line":1,"column":55}},"2":{"start":{"line":3,"column":24},"end":{"line":14,"column":1}},"3":{"start":{"line":4,"column":2},"end":{"line":12,"column":3}},"4":{"start":{"line":5,"column":4},"end":{"line":11,"column":7}},"5":{"start":{"line":6,"column":6},"end":{"line":6,"column":26}},"6":{"start":{"line":7,"column":6},"end":{"line":7,"column":26}},"7":{"start":{"line":8,"column":6},"end":{"line":8,"column":26}},"8":{"start":{"line":9,"column":6},"end":{"line":9,"column":26}},"9":{"start":{"line":10,"column":6},"end":{"line":10,"column":27}},"10":{"start":{"line":13,"column":2},"end":{"line":13,"column":19}}},"fnMap":{"0":{"name":"(anonymous_0)","decl":{"start":{"line":1,"column":29},"end":{"line":1,"column":30}},"loc":{"start":{"line":1,"column":35},"end":{"line":1,"column":55}},"line":1},"1":{"name":"(anonymous_1)","decl":{"start":{"line":3,"column":24},"end":{"line":3,"column":25}},"loc":{"start":{"line":3,"column":65},"end":{"line":14,"column":1}},"line":3},"2":{"name":"(anonymous_2)","decl":{"start":{"line":5,"column":25},"end":{"line":5,"column":26}},"loc":{"start":{"line":5,"column":74},"end":{"line":11,"column":5}},"line":5}},"branchMap":{"0":{"loc":{"start":{"line":3,"column":38},"end":{"line":3,"column":60}},"type":"default-arg","locations":[{"start":{"line":3,"column":47},"end":{"line":3,"column":60}}],"line":3},"1":{"loc":{"start":{"line":4,"column":2},"end":{"line":12,"column":3}},"type":"if","locations":[{"start":{"line":4,"column":2},"end":{"line":12,"column":3}},{"start":{},"end":{}}],"line":4}},"s":{"0":4,"1":2,"2":4,"3":3,"4":2,"5":2,"6":2,"7":2,"8":2,"9":2,"10":1},"f":{"0":2,"1":3,"2":2},"b":{"0":[1],"1":[2,1]},"_coverageSchema":"1a1c01bbd47fc00a2c39e90264f33305004495a9","hash":"c0fea67600d670f5ac0e13d7c73b22b491443918"}
,"/home/runner/work/BudgetBuddy/BudgetBuddy/src/testFirebase.jsx": {"path":"/home/runner/work/BudgetBuddy/BudgetBuddy/src/testFirebase.jsx","statementMap":{"0":{"start":{"line":12,"column":30},"end":{"line":12,"column":46}},"1":{"start":{"line":13,"column":24},"end":{"line":13,"column":38}},"2":{"start":{"line":14,"column":26},"end":{"line":14,"column":40}},"3":{"start":{"line":16,"column":19},"end":{"line":34,"column":3}},"4":{"start":{"line":17,"column":4},"end":{"line":33,"column":5}},"5":{"start":{"line":18,"column":6},"end":{"line":18,"column":43}},"6":{"start":{"line":19,"column":23},"end":{"line":19,"column":52}},"7":{"start":{"line":20,"column":6},"end":{"line":20,"column":23}},"8":{"start":{"line":22,"column":6},"end":{"line":22,"column":32}},"9":{"start":{"line":23,"column":18},"end":{"line":23,"column":44}},"10":{"start":{"line":24,"column":6},"end":{"line":24,"column":84}},"11":{"start":{"line":26,"column":6},"end":{"line":26,"column":32}},"12":{"start":{"line":27,"column":19},"end":{"line":27,"column":36}},"13":{"start":{"line":28,"column":6},"end":{"line":28,"column":50}},"14":{"start":{"line":29,"column":6},"end":{"line":29,"column":29}},"15":{"start":{"line":31,"column":6},"end":{"line":31,"column":23}},"16":{"start":{"line":32,"column":6},"end":{"line":32,"column":49}},"17":{"start":{"line":36,"column":28},"end":{"line":65,"column":3}},"18":{"start":{"line":38,"column":18},"end":{"line":38,"column":38}},"19":{"start":{"line":39,"column":21},"end":{"line":39,"column":38}},"20":{"start":{"line":41,"column":4},"end":{"line":64,"column":5}},"21":{"start":{"line":42,"column":6},"end":{"line":42,"column":60}},"22":{"start":{"line":44,"column":6},"end":{"line":50,"column":7}},"23":{"start":{"line":45,"column":8},"end":{"line":45,"column":79}},"24":{"start":{"line":47,"column":8},"end":{"line":49,"column":23}},"25":{"start":{"line":48,"column":10},"end":{"line":48,"column":77}},"26":{"start":{"line":49,"column":15},"end":{"line":49,"column":23}},"27":{"start":{"line":51,"column":6},"end":{"line":51,"column":32}},"28":{"start":{"line":53,"column":6},"end":{"line":53,"column":32}},"29":{"start":{"line":54,"column":18},"end":{"line":54,"column":53}},"30":{"start":{"line":55,"column":6},"end":{"line":55,"column":94}},"31":{"start":{"line":57,"column":6},"end":{"line":57,"column":32}},"32":{"start":{"line":58,"column":19},"end":{"line":58,"column":36}},"33":{"start":{"line":59,"column":6},"end":{"line":59,"column":50}},"34":{"start":{"line":60,"column":6},"end":{"line":60,"column":29}},"35":{"start":{"line":62,"column":6},"end":{"line":62,"column":23}},"36":{"start":{"line":63,"column":6},"end":{"line":63,"column":49}},"37":{"start":{"line":67,"column":20},"end":{"line":72,"column":3}},"38":{"start":{"line":68,"column":4},"end":{"line":68,"column":24}},"39":{"start":{"line":69,"column":4},"end":{"line":69,"column":17}},"40":{"start":{"line":70,"column":4},"end":{"line":70,"column":18}},"41":{"start":{"line":71,"column":4},"end":{"line":71,"column":28}},"42":{"start":{"line":74,"column":2},"end":{"line":86,"column":4}}},"fnMap":{"0":{"name":"TestFirebase","decl":{"start":{"line":11,"column":24},"end":{"line":11,"column":36}},"loc":{"start":{"line":11,"column":39},"end":{"line":87,"column":1}},"line":11},"1":{"name":"(anonymous_1)","decl":{"start":{"line":16,"column":19},"end":{"line":16,"column":20}},"loc":{"start":{"line":16,"column":31},"end":{"line":34,"column":3}},"line":16},"2":{"name":"(anonymous_2)","decl":{"start":{"line":36,"column":28},"end":{"line":36,"column":29}},"loc":{"start":{"line":36,"column":40},"end":{"line":65,"column":3}},"line":36},"3":{"name":"(anonymous_3)","decl":{"start":{"line":67,"column":20},"end":{"line":67,"column":21}},"loc":{"start":{"line":67,"column":32},"end":{"line":72,"column":3}},"line":67}},"branchMap":{"0":{"loc":{"start":{"line":28,"column":14},"end":{"line":28,"column":48}},"type":"cond-expr","locations":[{"start":{"line":28,"column":30},"end":{"line":28,"column":41}},{"start":{"line":28,"column":44},"end":{"line":28,"column":48}}],"line":28},"1":{"loc":{"start":{"line":32,"column":26},"end":{"line":32,"column":45}},"type":"binary-expr","locations":[{"start":{"line":32,"column":26},"end":{"line":32,"column":32}},{"start":{"line":32,"column":36},"end":{"line":32,"column":45}}],"line":32},"2":{"loc":{"start":{"line":47,"column":8},"end":{"line":49,"column":23}},"type":"if","locations":[{"start":{"line":47,"column":8},"end":{"line":49,"column":23}},{"start":{"line":49,"column":15},"end":{"line":49,"column":23}}],"line":47},"3":{"loc":{"start":{"line":59,"column":14},"end":{"line":59,"column":48}},"type":"cond-expr","locations":[{"start":{"line":59,"column":30},"end":{"line":59,"column":41}},{"start":{"line":59,"column":44},"end":{"line":59,"column":48}}],"line":59},"4":{"loc":{"start":{"line":63,"column":26},"end":{"line":63,"column":45}},"type":"binary-expr","locations":[{"start":{"line":63,"column":26},"end":{"line":63,"column":32}},{"start":{"line":63,"column":36},"end":{"line":63,"column":45}}],"line":63},"5":{"loc":{"start":{"line":83,"column":7},"end":{"line":83,"column":48}},"type":"binary-expr","locations":[{"start":{"line":83,"column":7},"end":{"line":83,"column":10}},{"start":{"line":83,"column":14},"end":{"line":83,"column":48}}],"line":83},"6":{"loc":{"start":{"line":84,"column":7},"end":{"line":84,"column":57}},"type":"binary-expr","locations":[{"start":{"line":84,"column":7},"end":{"line":84,"column":11}},{"start":{"line":84,"column":15},"end":{"line":84,"column":57}}],"line":84}},"s":{"0":23,"1":23,"2":23,"3":23,"4":4,"5":4,"6":4,"7":2,"8":2,"9":2,"10":2,"11":2,"12":2,"13":2,"14":2,"15":2,"16":2,"17":23,"18":3,"19":3,"20":3,"21":3,"22":3,"23":3,"24":2,"25":1,"26":1,"27":2,"28":2,"29":2,"30":2,"31":2,"32":2,"33":2,"34":2,"35":1,"36":1,"37":23,"38":1,"39":1,"40":1,"41":1,"42":23},"f":{"0":23,"1":4,"2":3,"3":1},"b":{"0":[1,1],"1":[2,1],"2":[1,1],"3":[1,1],"4":[1,1],"5":[23,4],"6":[23,2]},"_coverageSchema":"1a1c01bbd47fc00a2c39e90264f33305004495a9","hash":"f154b924617397c59451f5a783f16179a345cd89"}
,"/home/runner/work/BudgetBuddy/BudgetBuddy/src/components/Auth/Login.jsx": {"path":"/home/runner/work/BudgetBuddy/BudgetBuddy/src/components/Auth/Login.jsx","statementMap":{"0":{"start":{"line":27,"column":28},"end":{"line":27,"column":40}},"1":{"start":{"line":28,"column":34},"end":{"line":28,"column":46}},"2":{"start":{"line":29,"column":28},"end":{"line":29,"column":40}},"3":{"start":{"line":30,"column":32},"end":{"line":30,"column":44}},"4":{"start":{"line":31,"column":32},"end":{"line":31,"column":47}},"5":{"start":{"line":34,"column":20},"end":{"line":34,"column":29}},"6":{"start":{"line":37,"column":19},"end":{"line":37,"column":32}},"7":{"start":{"line":38,"column":19},"end":{"line":38,"column":32}},"8":{"start":{"line":41,"column":2},"end":{"line":47,"column":17}},"9":{"start":{"line":42,"column":4},"end":{"line":46,"column":5}},"10":{"start":{"line":43,"column":6},"end":{"line":43,"column":41}},"11":{"start":{"line":45,"column":6},"end":{"line":45,"column":54}},"12":{"start":{"line":63,"column":4},"end":{"line":63,"column":23}},"13":{"start":{"line":65,"column":4},"end":{"line":95,"column":5}},"14":{"start":{"line":67,"column":6},"end":{"line":67,"column":19}},"15":{"start":{"line":70,"column":6},"end":{"line":70,"column":23}},"16":{"start":{"line":73,"column":6},"end":{"line":73,"column":35}},"17":{"start":{"line":76,"column":6},"end":{"line":76,"column":29}},"18":{"start":{"line":79,"column":6},"end":{"line":91,"column":7}},"19":{"start":{"line":81,"column":10},"end":{"line":81,"column":55}},"20":{"start":{"line":82,"column":10},"end":{"line":82,"column":16}},"21":{"start":{"line":84,"column":10},"end":{"line":84,"column":41}},"22":{"start":{"line":85,"column":10},"end":{"line":85,"column":16}},"23":{"start":{"line":87,"column":10},"end":{"line":87,"column":43}},"24":{"start":{"line":88,"column":10},"end":{"line":88,"column":16}},"25":{"start":{"line":90,"column":10},"end":{"line":90,"column":58}},"26":{"start":{"line":94,"column":6},"end":{"line":94,"column":24}},"27":{"start":{"line":98,"column":2},"end":{"line":224,"column":4}},"28":{"start":{"line":115,"column":27},"end":{"line":115,"column":40}},"29":{"start":{"line":171,"column":31},"end":{"line":171,"column":55}},"30":{"start":{"line":191,"column":31},"end":{"line":191,"column":58}}},"fnMap":{"0":{"name":"Login","decl":{"start":{"line":25,"column":24},"end":{"line":25,"column":29}},"loc":{"start":{"line":25,"column":32},"end":{"line":225,"column":1}},"line":25},"1":{"name":"(anonymous_1)","decl":{"start":{"line":41,"column":12},"end":{"line":41,"column":13}},"loc":{"start":{"line":41,"column":18},"end":{"line":47,"column":3}},"line":41},"2":{"name":"handleSubmit","decl":{"start":{"line":62,"column":17},"end":{"line":62,"column":29}},"loc":{"start":{"line":62,"column":33},"end":{"line":96,"column":3}},"line":62},"3":{"name":"(anonymous_3)","decl":{"start":{"line":115,"column":21},"end":{"line":115,"column":22}},"loc":{"start":{"line":115,"column":27},"end":{"line":115,"column":40}},"line":115},"4":{"name":"(anonymous_4)","decl":{"start":{"line":171,"column":24},"end":{"line":171,"column":25}},"loc":{"start":{"line":171,"column":31},"end":{"line":171,"column":55}},"line":171},"5":{"name":"(anonymous_5)","decl":{"start":{"line":191,"column":24},"end":{"line":191,"column":25}},"loc":{"start":{"line":191,"column":31},"end":{"line":191,"column":58}},"line":191}},"branchMap":{"0":{"loc":{"start":{"line":42,"column":4},"end":{"line":46,"column":5}},"type":"if","locations":[{"start":{"line":42,"column":4},"end":{"line":46,"column":5}},{"start":{},"end":{}}],"line":42},"1":{"loc":{"start":{"line":79,"column":6},"end":{"line":91,"column":7}},"type":"switch","locations":[{"start":{"line":80,"column":8},"end":{"line":82,"column":16}},{"start":{"line":83,"column":8},"end":{"line":85,"column":16}},{"start":{"line":86,"column":8},"end":{"line":88,"column":16}},{"start":{"line":89,"column":8},"end":{"line":90,"column":58}}],"line":79},"2":{"loc":{"start":{"line":130,"column":9},"end":{"line":139,"column":9}},"type":"binary-expr","locations":[{"start":{"line":130,"column":9},"end":{"line":130,"column":14}},{"start":{"line":131,"column":10},"end":{"line":138,"column":23}}],"line":130},"3":{"loc":{"start":{"line":141,"column":9},"end":{"line":160,"column":9}},"type":"binary-expr","locations":[{"start":{"line":141,"column":9},"end":{"line":141,"column":16}},{"start":{"line":142,"column":10},"end":{"line":159,"column":23}}],"line":141},"4":{"loc":{"start":{"line":205,"column":13},"end":{"line":215,"column":13}},"type":"cond-expr","locations":[{"start":{"line":206,"column":14},"end":{"line":209,"column":21}},{"start":{"line":211,"column":14},"end":{"line":214,"column":17}}],"line":205}},"s":{"0":102,"1":101,"2":101,"3":101,"4":101,"5":101,"6":101,"7":101,"8":101,"9":27,"10":1,"11":1,"12":20,"13":20,"14":20,"15":20,"16":20,"17":7,"18":11,"19":4,"20":4,"21":2,"22":2,"23":2,"24":2,"25":3,"26":18,"27":101,"28":1,"29":19,"30":19},"f":{"0":102,"1":27,"2":20,"3":1,"4":19,"5":19},"b":{"0":[1,26],"1":[4,2,2,3],"2":[101,11],"3":[101,1],"4":[20,81]},"_coverageSchema":"1a1c01bbd47fc00a2c39e90264f33305004495a9","hash":"d1d2e7efb55699a9c9ba76bca988844b0c3375ce"}
,"/home/runner/work/BudgetBuddy/BudgetBuddy/src/components/Auth/Signup.jsx": {"path":"/home/runner/work/BudgetBuddy/BudgetBuddy/src/components/Auth/Signup.jsx","statementMap":{"0":{"start":{"line":28,"column":28},"end":{"line":28,"column":40}},"1":{"start":{"line":29,"column":34},"end":{"line":29,"column":46}},"2":{"start":{"line":30,"column":48},"end":{"line":30,"column":60}},"3":{"start":{"line":31,"column":28},"end":{"line":31,"column":40}},"4":{"start":{"line":32,"column":32},"end":{"line":32,"column":47}},"5":{"start":{"line":33,"column":21},"end":{"line":33,"column":30}},"6":{"start":{"line":34,"column":19},"end":{"line":34,"column":32}},"7":{"start":{"line":35,"column":42},"end":{"line":35,"column":57}},"8":{"start":{"line":36,"column":56},"end":{"line":36,"column":71}},"9":{"start":{"line":37,"column":26},"end":{"line":37,"column":84}},"10":{"start":{"line":37,"column":35},"end":{"line":37,"column":84}},"11":{"start":{"line":51,"column":27},"end":{"line":71,"column":3}},"12":{"start":{"line":52,"column":22},"end":{"line":52,"column":42}},"13":{"start":{"line":53,"column":25},"end":{"line":53,"column":47}},"14":{"start":{"line":54,"column":25},"end":{"line":54,"column":47}},"15":{"start":{"line":55,"column":22},"end":{"line":55,"column":41}},"16":{"start":{"line":57,"column":4},"end":{"line":59,"column":5}},"17":{"start":{"line":58,"column":6},"end":{"line":58,"column":88}},"18":{"start":{"line":60,"column":4},"end":{"line":62,"column":5}},"19":{"start":{"line":61,"column":6},"end":{"line":61,"column":96}},"20":{"start":{"line":63,"column":4},"end":{"line":65,"column":5}},"21":{"start":{"line":64,"column":6},"end":{"line":64,"column":96}},"22":{"start":{"line":66,"column":4},"end":{"line":68,"column":5}},"23":{"start":{"line":67,"column":6},"end":{"line":67,"column":86}},"24":{"start":{"line":70,"column":4},"end":{"line":70,"column":73}},"25":{"start":{"line":86,"column":4},"end":{"line":86,"column":23}},"26":{"start":{"line":89,"column":4},"end":{"line":89,"column":17}},"27":{"start":{"line":92,"column":31},"end":{"line":92,"column":57}},"28":{"start":{"line":93,"column":4},"end":{"line":96,"column":5}},"29":{"start":{"line":94,"column":6},"end":{"line":94,"column":43}},"30":{"start":{"line":95,"column":6},"end":{"line":95,"column":13}},"31":{"start":{"line":99,"column":4},"end":{"line":102,"column":5}},"32":{"start":{"line":100,"column":6},"end":{"line":100,"column":41}},"33":{"start":{"line":101,"column":6},"end":{"line":101,"column":13}},"34":{"start":{"line":104,"column":4},"end":{"line":132,"column":5}},"35":{"start":{"line":106,"column":6},"end":{"line":106,"column":23}},"36":{"start":{"line":109,"column":6},"end":{"line":109,"column":36}},"37":{"start":{"line":112,"column":6},"end":{"line":112,"column":29}},"38":{"start":{"line":115,"column":6},"end":{"line":128,"column":7}},"39":{"start":{"line":117,"column":10},"end":{"line":117,"column":64}},"40":{"start":{"line":118,"column":10},"end":{"line":118,"column":16}},"41":{"start":{"line":120,"column":10},"end":{"line":120,"column":57}},"42":{"start":{"line":121,"column":10},"end":{"line":121,"column":16}},"43":{"start":{"line":123,"column":10},"end":{"line":123,"column":78}},"44":{"start":{"line":124,"column":10},"end":{"line":124,"column":16}},"45":{"start":{"line":126,"column":10},"end":{"line":126,"column":50}},"46":{"start":{"line":127,"column":10},"end":{"line":127,"column":16}},"47":{"start":{"line":131,"column":6},"end":{"line":131,"column":24}},"48":{"start":{"line":135,"column":2},"end":{"line":272,"column":4}},"49":{"start":{"line":152,"column":27},"end":{"line":152,"column":40}},"50":{"start":{"line":187,"column":33},"end":{"line":187,"column":57}},"51":{"start":{"line":202,"column":33},"end":{"line":202,"column":60}},"52":{"start":{"line":208,"column":31},"end":{"line":208,"column":57}},"53":{"start":{"line":208,"column":54},"end":{"line":208,"column":56}},"54":{"start":{"line":213,"column":34},"end":{"line":213,"column":87}},"55":{"start":{"line":213,"column":62},"end":{"line":213,"column":87}},"56":{"start":{"line":213,"column":83},"end":{"line":213,"column":85}},"57":{"start":{"line":228,"column":33},"end":{"line":228,"column":67}},"58":{"start":{"line":234,"column":31},"end":{"line":234,"column":64}},"59":{"start":{"line":234,"column":61},"end":{"line":234,"column":63}},"60":{"start":{"line":239,"column":34},"end":{"line":239,"column":94}},"61":{"start":{"line":239,"column":62},"end":{"line":239,"column":94}},"62":{"start":{"line":239,"column":90},"end":{"line":239,"column":92}}},"fnMap":{"0":{"name":"Signup","decl":{"start":{"line":26,"column":24},"end":{"line":26,"column":30}},"loc":{"start":{"line":26,"column":33},"end":{"line":273,"column":1}},"line":26},"1":{"name":"(anonymous_1)","decl":{"start":{"line":37,"column":26},"end":{"line":37,"column":27}},"loc":{"start":{"line":37,"column":35},"end":{"line":37,"column":84}},"line":37},"2":{"name":"(anonymous_2)","decl":{"start":{"line":51,"column":27},"end":{"line":51,"column":28}},"loc":{"start":{"line":51,"column":41},"end":{"line":71,"column":3}},"line":51},"3":{"name":"handleSubmit","decl":{"start":{"line":85,"column":17},"end":{"line":85,"column":29}},"loc":{"start":{"line":85,"column":33},"end":{"line":133,"column":3}},"line":85},"4":{"name":"(anonymous_4)","decl":{"start":{"line":152,"column":21},"end":{"line":152,"column":22}},"loc":{"start":{"line":152,"column":27},"end":{"line":152,"column":40}},"line":152},"5":{"name":"(anonymous_5)","decl":{"start":{"line":187,"column":26},"end":{"line":187,"column":27}},"loc":{"start":{"line":187,"column":33},"end":{"line":187,"column":57}},"line":187},"6":{"name":"(anonymous_6)","decl":{"start":{"line":202,"column":26},"end":{"line":202,"column":27}},"loc":{"start":{"line":202,"column":33},"end":{"line":202,"column":60}},"line":202},"7":{"name":"(anonymous_7)","decl":{"start":{"line":208,"column":25},"end":{"line":208,"column":26}},"loc":{"start":{"line":208,"column":31},"end":{"line":208,"column":57}},"line":208},"8":{"name":"(anonymous_8)","decl":{"start":{"line":208,"column":47},"end":{"line":208,"column":48}},"loc":{"start":{"line":208,"column":54},"end":{"line":208,"column":56}},"line":208},"9":{"name":"(anonymous_9)","decl":{"start":{"line":213,"column":27},"end":{"line":213,"column":28}},"loc":{"start":{"line":213,"column":32},"end":{"line":213,"column":89}},"line":213},"10":{"name":"(anonymous_10)","decl":{"start":{"line":213,"column":78},"end":{"line":213,"column":79}},"loc":{"start":{"line":213,"column":83},"end":{"line":213,"column":85}},"line":213},"11":{"name":"(anonymous_11)","decl":{"start":{"line":228,"column":26},"end":{"line":228,"column":27}},"loc":{"start":{"line":228,"column":33},"end":{"line":228,"column":67}},"line":228},"12":{"name":"(anonymous_12)","decl":{"start":{"line":234,"column":25},"end":{"line":234,"column":26}},"loc":{"start":{"line":234,"column":31},"end":{"line":234,"column":64}},"line":234},"13":{"name":"(anonymous_13)","decl":{"start":{"line":234,"column":54},"end":{"line":234,"column":55}},"loc":{"start":{"line":234,"column":61},"end":{"line":234,"column":63}},"line":234},"14":{"name":"(anonymous_14)","decl":{"start":{"line":239,"column":27},"end":{"line":239,"column":28}},"loc":{"start":{"line":239,"column":32},"end":{"line":239,"column":96}},"line":239},"15":{"name":"(anonymous_15)","decl":{"start":{"line":239,"column":85},"end":{"line":239,"column":86}},"loc":{"start":{"line":239,"column":90},"end":{"line":239,"column":92}},"line":239}},"branchMap":{"0":{"loc":{"start":{"line":37,"column":35},"end":{"line":37,"column":84}},"type":"binary-expr","locations":[{"start":{"line":37,"column":35},"end":{"line":37,"column":50}},{"start":{"line":37,"column":54},"end":{"line":37,"column":65}},{"start":{"line":37,"column":69},"end":{"line":37,"column":84}}],"line":37},"1":{"loc":{"start":{"line":57,"column":4},"end":{"line":59,"column":5}},"type":"if","locations":[{"start":{"line":57,"column":4},"end":{"line":59,"column":5}},{"start":{},"end":{}}],"line":57},"2":{"loc":{"start":{"line":60,"column":4},"end":{"line":62,"column":5}},"type":"if","locations":[{"start":{"line":60,"column":4},"end":{"line":62,"column":5}},{"start":{},"end":{}}],"line":60},"3":{"loc":{"start":{"line":63,"column":4},"end":{"line":65,"column":5}},"type":"if","locations":[{"start":{"line":63,"column":4},"end":{"line":65,"column":5}},{"start":{},"end":{}}],"line":63},"4":{"loc":{"start":{"line":66,"column":4},"end":{"line":68,"column":5}},"type":"if","locations":[{"start":{"line":66,"column":4},"end":{"line":68,"column":5}},{"start":{},"end":{}}],"line":66},"5":{"loc":{"start":{"line":93,"column":4},"end":{"line":96,"column":5}},"type":"if","locations":[{"start":{"line":93,"column":4},"end":{"line":96,"column":5}},{"start":{},"end":{}}],"line":93},"6":{"loc":{"start":{"line":99,"column":4},"end":{"line":102,"column":5}},"type":"if","locations":[{"start":{"line":99,"column":4},"end":{"line":102,"column":5}},{"start":{},"end":{}}],"line":99},"7":{"loc":{"start":{"line":115,"column":6},"end":{"line":128,"column":7}},"type":"switch","locations":[{"start":{"line":116,"column":8},"end":{"line":118,"column":16}},{"start":{"line":119,"column":8},"end":{"line":121,"column":16}},{"start":{"line":122,"column":8},"end":{"line":124,"column":16}},{"start":{"line":125,"column":8},"end":{"line":127,"column":16}}],"line":115},"8":{"loc":{"start":{"line":167,"column":9},"end":{"line":176,"column":9}},"type":"binary-expr","locations":[{"start":{"line":167,"column":9},"end":{"line":167,"column":14}},{"start":{"line":168,"column":10},"end":{"line":175,"column":23}}],"line":167},"9":{"loc":{"start":{"line":199,"column":22},"end":{"line":199,"column":56}},"type":"cond-expr","locations":[{"start":{"line":199,"column":37},"end":{"line":199,"column":43}},{"start":{"line":199,"column":46},"end":{"line":199,"column":56}}],"line":199},"10":{"loc":{"start":{"line":211,"column":28},"end":{"line":211,"column":76}},"type":"cond-expr","locations":[{"start":{"line":211,"column":43},"end":{"line":211,"column":58}},{"start":{"line":211,"column":61},"end":{"line":211,"column":76}}],"line":211},"11":{"loc":{"start":{"line":213,"column":34},"end":{"line":213,"column":87}},"type":"if","locations":[{"start":{"line":213,"column":34},"end":{"line":213,"column":87}},{"start":{},"end":{}}],"line":213},"12":{"loc":{"start":{"line":215,"column":17},"end":{"line":215,"column":44}},"type":"cond-expr","locations":[{"start":{"line":215,"column":32},"end":{"line":215,"column":36}},{"start":{"line":215,"column":39},"end":{"line":215,"column":44}}],"line":215},"13":{"loc":{"start":{"line":225,"column":22},"end":{"line":225,"column":63}},"type":"cond-expr","locations":[{"start":{"line":225,"column":44},"end":{"line":225,"column":50}},{"start":{"line":225,"column":53},"end":{"line":225,"column":63}}],"line":225},"14":{"loc":{"start":{"line":237,"column":28},"end":{"line":237,"column":83}},"type":"cond-expr","locations":[{"start":{"line":237,"column":50},"end":{"line":237,"column":65}},{"start":{"line":237,"column":68},"end":{"line":237,"column":83}}],"line":237},"15":{"loc":{"start":{"line":239,"column":34},"end":{"line":239,"column":94}},"type":"if","locations":[{"start":{"line":239,"column":34},"end":{"line":239,"column":94}},{"start":{},"end":{}}],"line":239},"16":{"loc":{"start":{"line":241,"column":17},"end":{"line":241,"column":51}},"type":"cond-expr","locations":[{"start":{"line":241,"column":39},"end":{"line":241,"column":43}},{"start":{"line":241,"column":46},"end":{"line":241,"column":51}}],"line":241},"17":{"loc":{"start":{"line":253,"column":13},"end":{"line":263,"column":13}},"type":"cond-expr","locations":[{"start":{"line":254,"column":14},"end":{"line":257,"column":21}},{"start":{"line":259,"column":14},"end":{"line":262,"column":17}}],"line":253}},"s":{"0":147,"1":147,"2":147,"3":147,"4":147,"5":147,"6":147,"7":147,"8":147,"9":147,"10":8,"11":147,"12":24,"13":24,"14":24,"15":24,"16":24,"17":2,"18":22,"19":2,"20":20,"21":2,"22":18,"23":2,"24":16,"25":24,"26":24,"27":24,"28":24,"29":8,"30":8,"31":16,"32":2,"33":2,"34":14,"35":14,"36":14,"37":5,"38":7,"39":3,"40":3,"41":1,"42":1,"43":2,"44":2,"45":1,"46":1,"47":12,"48":147,"49":1,"50":20,"51":24,"52":2,"53":2,"54":4,"55":3,"56":3,"57":24,"58":2,"59":2,"60":4,"61":3,"62":3},"f":{"0":147,"1":8,"2":24,"3":24,"4":1,"5":20,"6":24,"7":2,"8":2,"9":4,"10":3,"11":24,"12":2,"13":2,"14":4,"15":3},"b":{"0":[8,6,4],"1":[2,22],"2":[2,20],"3":[2,18],"4":[2,16],"5":[8,16],"6":[2,14],"7":[3,1,2,1],"8":[147,25],"9":[4,143],"10":[4,143],"11":[3,1],"12":[4,143],"13":[4,143],"14":[4,143],"15":[3,1],"16":[4,143],"17":[14,133]},"_coverageSchema":"1a1c01bbd47fc00a2c39e90264f33305004495a9","hash":"4f00452a5f6e128649d4538b8e69ef15b034b424"}
,"/home/runner/work/BudgetBuddy/BudgetBuddy/src/components/Charts/BarChart.jsx": {"path":"/home/runner/work/BudgetBuddy/BudgetBuddy/src/components/Charts/BarChart.jsx","statementMap":{"0":{"start":{"line":5,"column":0},"end":{"line":12,"column":2}},"1":{"start":{"line":15,"column":18},"end":{"line":43,"column":3}},"2":{"start":{"line":45,"column":2},"end":{"line":49,"column":4}}},"fnMap":{"0":{"name":"BarChart","decl":{"start":{"line":14,"column":24},"end":{"line":14,"column":32}},"loc":{"start":{"line":14,"column":43},"end":{"line":50,"column":1}},"line":14}},"branchMap":{},"s":{"0":2,"1":98,"2":98},"f":{"0":98},"b":{},"_coverageSchema":"1a1c01bbd47fc00a2c39e90264f33305004495a9","hash":"cc2e0d43db40d0db481824e5a801b7c6348e662c"}
,"/home/runner/work/BudgetBuddy/BudgetBuddy/src/components/Charts/LineChart.jsx": {"path":"/home/runner/work/BudgetBuddy/BudgetBuddy/src/components/Charts/LineChart.jsx","statementMap":{"0":{"start":{"line":9,"column":0},"end":{"line":17,"column":2}},"1":{"start":{"line":41,"column":18},"end":{"line":77,"column":3}},"2":{"start":{"line":72,"column":12},"end":{"line":72,"column":48}},"3":{"start":{"line":79,"column":2},"end":{"line":84,"column":4}}},"fnMap":{"0":{"name":"LineChart","decl":{"start":{"line":39,"column":24},"end":{"line":39,"column":33}},"loc":{"start":{"line":39,"column":44},"end":{"line":85,"column":1}},"line":39},"1":{"name":"(anonymous_1)","decl":{"start":{"line":70,"column":20},"end":{"line":70,"column":21}},"loc":{"start":{"line":70,"column":36},"end":{"line":73,"column":11}},"line":70}},"branchMap":{},"s":{"0":2,"1":106,"2":9,"3":106},"f":{"0":106,"1":9},"b":{},"_coverageSchema":"1a1c01bbd47fc00a2c39e90264f33305004495a9","hash":"2ea76607cb72e4578e2f1c23924fb318bfdfc1ce"}
,"/home/runner/work/BudgetBuddy/BudgetBuddy/src/components/Charts/PieChart.jsx": {"path":"/home/runner/work/BudgetBuddy/BudgetBuddy/src/components/Charts/PieChart.jsx","statementMap":{"0":{"start":{"line":9,"column":0},"end":{"line":9,"column":46}},"1":{"start":{"line":33,"column":18},"end":{"line":46,"column":3}},"2":{"start":{"line":48,"column":2},"end":{"line":53,"column":4}}},"fnMap":{"0":{"name":"PieChart","decl":{"start":{"line":31,"column":24},"end":{"line":31,"column":32}},"loc":{"start":{"line":31,"column":43},"end":{"line":54,"column":1}},"line":31}},"branchMap":{},"s":{"0":3,"1":193,"2":193},"f":{"0":193},"b":{},"_coverageSchema":"1a1c01bbd47fc00a2c39e90264f33305004495a9","hash":"49536d6e04abc6b8936522e24341c4633837454e"}
,"/home/runner/work/BudgetBuddy/BudgetBuddy/src/components/Dashboard/DashboardOverview.jsx": {"path":"/home/runner/work/BudgetBuddy/BudgetBuddy/src/components/Dashboard/DashboardOverview.jsx","statementMap":{"0":{"start":{"line":10,"column":34},"end":{"line":10,"column":46}},"1":{"start":{"line":11,"column":46},"end":{"line":11,"column":58}},"2":{"start":{"line":14,"column":26},"end":{"line":14,"column":35}},"3":{"start":{"line":20,"column":2},"end":{"line":53,"column":20}},"4":{"start":{"line":21,"column":4},"end":{"line":52,"column":5}},"5":{"start":{"line":23,"column":24},"end":{"line":26,"column":7}},"6":{"start":{"line":28,"column":34},"end":{"line":45,"column":8}},"7":{"start":{"line":29,"column":29},"end":{"line":29,"column":31}},"8":{"start":{"line":30,"column":8},"end":{"line":32,"column":11}},"9":{"start":{"line":31,"column":10},"end":{"line":31,"column":59}},"10":{"start":{"line":35,"column":31},"end":{"line":40,"column":10}},"11":{"start":{"line":36,"column":10},"end":{"line":38,"column":11}},"12":{"start":{"line":37,"column":12},"end":{"line":37,"column":75}},"13":{"start":{"line":39,"column":10},"end":{"line":39,"column":19}},"14":{"start":{"line":42,"column":8},"end":{"line":42,"column":36}},"15":{"start":{"line":44,"column":8},"end":{"line":44,"column":54}},"16":{"start":{"line":49,"column":6},"end":{"line":51,"column":8}},"17":{"start":{"line":50,"column":8},"end":{"line":50,"column":30}},"18":{"start":{"line":56,"column":24},"end":{"line":56,"column":82}},"19":{"start":{"line":56,"column":58},"end":{"line":56,"column":78}},"20":{"start":{"line":59,"column":28},"end":{"line":66,"column":54}},"21":{"start":{"line":61,"column":26},"end":{"line":61,"column":48}},"22":{"start":{"line":62,"column":18},"end":{"line":62,"column":28}},"23":{"start":{"line":63,"column":6},"end":{"line":64,"column":61}},"24":{"start":{"line":66,"column":30},"end":{"line":66,"column":50}},"25":{"start":{"line":69,"column":25},"end":{"line":69,"column":82}},"26":{"start":{"line":72,"column":22},"end":{"line":75,"column":8}},"27":{"start":{"line":73,"column":4},"end":{"line":73,"column":74}},"28":{"start":{"line":74,"column":4},"end":{"line":74,"column":15}},"29":{"start":{"line":77,"column":26},"end":{"line":79,"column":12}},"30":{"start":{"line":78,"column":55},"end":{"line":78,"column":60}},"31":{"start":{"line":82,"column":26},"end":{"line":82,"column":47}},"32":{"start":{"line":84,"column":21},"end":{"line":92,"column":3}},"33":{"start":{"line":85,"column":4},"end":{"line":85,"column":31}},"34":{"start":{"line":85,"column":21},"end":{"line":85,"column":31}},"35":{"start":{"line":86,"column":31},"end":{"line":86,"column":52}},"36":{"start":{"line":87,"column":19},"end":{"line":90,"column":5}},"37":{"start":{"line":91,"column":4},"end":{"line":91,"column":64}},"38":{"start":{"line":94,"column":2},"end":{"line":197,"column":4}},"39":{"start":{"line":172,"column":14},"end":{"line":183,"column":20}}},"fnMap":{"0":{"name":"DashboardOverview","decl":{"start":{"line":8,"column":24},"end":{"line":8,"column":41}},"loc":{"start":{"line":8,"column":44},"end":{"line":198,"column":1}},"line":8},"1":{"name":"(anonymous_1)","decl":{"start":{"line":20,"column":12},"end":{"line":20,"column":13}},"loc":{"start":{"line":20,"column":18},"end":{"line":53,"column":3}},"line":20},"2":{"name":"(anonymous_2)","decl":{"start":{"line":28,"column":56},"end":{"line":28,"column":57}},"loc":{"start":{"line":28,"column":75},"end":{"line":45,"column":7}},"line":28},"3":{"name":"(anonymous_3)","decl":{"start":{"line":30,"column":30},"end":{"line":30,"column":31}},"loc":{"start":{"line":30,"column":39},"end":{"line":32,"column":9}},"line":30},"4":{"name":"(anonymous_4)","decl":{"start":{"line":35,"column":49},"end":{"line":35,"column":50}},"loc":{"start":{"line":35,"column":59},"end":{"line":40,"column":9}},"line":35},"5":{"name":"(anonymous_5)","decl":{"start":{"line":49,"column":13},"end":{"line":49,"column":14}},"loc":{"start":{"line":49,"column":19},"end":{"line":51,"column":7}},"line":49},"6":{"name":"(anonymous_6)","decl":{"start":{"line":56,"column":40},"end":{"line":56,"column":41}},"loc":{"start":{"line":56,"column":58},"end":{"line":56,"column":78}},"line":56},"7":{"name":"(anonymous_7)","decl":{"start":{"line":60,"column":12},"end":{"line":60,"column":13}},"loc":{"start":{"line":60,"column":23},"end":{"line":65,"column":5}},"line":60},"8":{"name":"(anonymous_8)","decl":{"start":{"line":66,"column":12},"end":{"line":66,"column":13}},"loc":{"start":{"line":66,"column":30},"end":{"line":66,"column":50}},"line":66},"9":{"name":"(anonymous_9)","decl":{"start":{"line":72,"column":38},"end":{"line":72,"column":39}},"loc":{"start":{"line":72,"column":56},"end":{"line":75,"column":3}},"line":72},"10":{"name":"(anonymous_10)","decl":{"start":{"line":78,"column":39},"end":{"line":78,"column":40}},"loc":{"start":{"line":78,"column":55},"end":{"line":78,"column":60}},"line":78},"11":{"name":"(anonymous_11)","decl":{"start":{"line":84,"column":21},"end":{"line":84,"column":22}},"loc":{"start":{"line":84,"column":37},"end":{"line":92,"column":3}},"line":84},"12":{"name":"(anonymous_12)","decl":{"start":{"line":171,"column":31},"end":{"line":171,"column":32}},"loc":{"start":{"line":172,"column":14},"end":{"line":183,"column":20}},"line":172}},"branchMap":{"0":{"loc":{"start":{"line":21,"column":4},"end":{"line":52,"column":5}},"type":"if","locations":[{"start":{"line":21,"column":4},"end":{"line":52,"column":5}},{"start":{},"end":{}}],"line":21},"1":{"loc":{"start":{"line":36,"column":10},"end":{"line":38,"column":11}},"type":"if","locations":[{"start":{"line":36,"column":10},"end":{"line":38,"column":11}},{"start":{},"end":{}}],"line":36},"2":{"loc":{"start":{"line":36,"column":14},"end":{"line":36,"column":30}},"type":"binary-expr","locations":[{"start":{"line":36,"column":14},"end":{"line":36,"column":20}},{"start":{"line":36,"column":24},"end":{"line":36,"column":30}}],"line":36},"3":{"loc":{"start":{"line":63,"column":13},"end":{"line":64,"column":60}},"type":"binary-expr","locations":[{"start":{"line":63,"column":13},"end":{"line":63,"column":54}},{"start":{"line":64,"column":13},"end":{"line":64,"column":60}}],"line":63},"4":{"loc":{"start":{"line":69,"column":25},"end":{"line":69,"column":82}},"type":"cond-expr","locations":[{"start":{"line":69,"column":47},"end":{"line":69,"column":78}},{"start":{"line":69,"column":81},"end":{"line":69,"column":82}}],"line":69},"5":{"loc":{"start":{"line":73,"column":29},"end":{"line":73,"column":55}},"type":"binary-expr","locations":[{"start":{"line":73,"column":29},"end":{"line":73,"column":50}},{"start":{"line":73,"column":54},"end":{"line":73,"column":55}}],"line":73},"6":{"loc":{"start":{"line":77,"column":26},"end":{"line":79,"column":12}},"type":"cond-expr","locations":[{"start":{"line":78,"column":6},"end":{"line":78,"column":67}},{"start":{"line":79,"column":6},"end":{"line":79,"column":12}}],"line":77},"7":{"loc":{"start":{"line":85,"column":4},"end":{"line":85,"column":31}},"type":"if","locations":[{"start":{"line":85,"column":4},"end":{"line":85,"column":31}},{"start":{},"end":{}}],"line":85},"8":{"loc":{"start":{"line":99,"column":15},"end":{"line":99,"column":61}},"type":"cond-expr","locations":[{"start":{"line":99,"column":33},"end":{"line":99,"column":43}},{"start":{"line":99,"column":46},"end":{"line":99,"column":61}}],"line":99},"9":{"loc":{"start":{"line":101,"column":13},"end":{"line":103,"column":69}},"type":"cond-expr","locations":[{"start":{"line":102,"column":16},"end":{"line":102,"column":88}},{"start":{"line":103,"column":16},"end":{"line":103,"column":69}}],"line":101},"10":{"loc":{"start":{"line":169,"column":11},"end":{"line":193,"column":11}},"type":"cond-expr","locations":[{"start":{"line":171,"column":12},"end":{"line":184,"column":14}},{"start":{"line":187,"column":12},"end":{"line":192,"column":18}}],"line":169}},"s":{"0":28,"1":28,"2":28,"3":28,"4":18,"5":17,"6":17,"7":17,"8":17,"9":34,"10":17,"11":23,"12":22,"13":1,"14":17,"15":17,"16":17,"17":17,"18":28,"19":28,"20":28,"21":28,"22":28,"23":28,"24":3,"25":28,"26":28,"27":28,"28":28,"29":28,"30":16,"31":28,"32":28,"33":27,"34":1,"35":26,"36":26,"37":26,"38":28,"39":27},"f":{"0":28,"1":18,"2":17,"3":34,"4":23,"5":17,"6":28,"7":28,"8":3,"9":28,"10":16,"11":27,"12":27},"b":{"0":[17,1],"1":[22,1],"2":[23,23],"3":[28,3],"4":[10,18],"5":[28,25],"6":[10,18],"7":[1,26],"8":[18,10],"9":[18,10],"10":[10,18]},"_coverageSchema":"1a1c01bbd47fc00a2c39e90264f33305004495a9","hash":"357f796c73be979d9f3e32fe14e08dc341ac1d0a"}
,"/home/runner/work/BudgetBuddy/BudgetBuddy/src/components/Expense/ExpenseForm.jsx": {"path":"/home/runner/work/BudgetBuddy/BudgetBuddy/src/components/Expense/ExpenseForm.jsx","statementMap":{"0":{"start":{"line":16,"column":30},"end":{"line":16,"column":83}},"1":{"start":{"line":17,"column":28},"end":{"line":17,"column":80}},"2":{"start":{"line":18,"column":34},"end":{"line":18,"column":93}},"3":{"start":{"line":19,"column":26},"end":{"line":19,"column":77}},"4":{"start":{"line":20,"column":32},"end":{"line":20,"column":47}},"5":{"start":{"line":21,"column":32},"end":{"line":21,"column":44}},"6":{"start":{"line":22,"column":40},"end":{"line":22,"column":52}},"7":{"start":{"line":25,"column":26},"end":{"line":25,"column":35}},"8":{"start":{"line":28,"column":28},"end":{"line":35,"column":3}},"9":{"start":{"line":38,"column":50},"end":{"line":38,"column":62}},"10":{"start":{"line":41,"column":2},"end":{"line":74,"column":20}},"11":{"start":{"line":42,"column":4},"end":{"line":42,"column":29}},"12":{"start":{"line":42,"column":22},"end":{"line":42,"column":29}},"13":{"start":{"line":45,"column":22},"end":{"line":45,"column":30}},"14":{"start":{"line":47,"column":4},"end":{"line":61,"column":5}},"15":{"start":{"line":48,"column":16},"end":{"line":48,"column":77}},"16":{"start":{"line":51,"column":6},"end":{"line":57,"column":9}},"17":{"start":{"line":52,"column":21},"end":{"line":52,"column":23}},"18":{"start":{"line":53,"column":8},"end":{"line":55,"column":11}},"19":{"start":{"line":54,"column":10},"end":{"line":54,"column":71}},"20":{"start":{"line":56,"column":8},"end":{"line":56,"column":34}},"21":{"start":{"line":60,"column":6},"end":{"line":60,"column":68}},"22":{"start":{"line":64,"column":4},"end":{"line":73,"column":6}},"23":{"start":{"line":65,"column":6},"end":{"line":72,"column":7}},"24":{"start":{"line":67,"column":8},"end":{"line":69,"column":9}},"25":{"start":{"line":68,"column":10},"end":{"line":68,"column":24}},"26":{"start":{"line":71,"column":8},"end":{"line":71,"column":54}},"27":{"start":{"line":77,"column":24},"end":{"line":80,"column":3}},"28":{"start":{"line":79,"column":38},"end":{"line":79,"column":91}},"29":{"start":{"line":79,"column":69},"end":{"line":79,"column":90}},"30":{"start":{"line":85,"column":2},"end":{"line":90,"column":29}},"31":{"start":{"line":86,"column":4},"end":{"line":89,"column":5}},"32":{"start":{"line":87,"column":18},"end":{"line":87,"column":56}},"33":{"start":{"line":88,"column":4},"end":{"line":88,"column":19}},"34":{"start":{"line":93,"column":2},"end":{"line":100,"column":23}},"35":{"start":{"line":94,"column":4},"end":{"line":99,"column":5}},"36":{"start":{"line":95,"column":6},"end":{"line":95,"column":39}},"37":{"start":{"line":96,"column":6},"end":{"line":96,"column":37}},"38":{"start":{"line":97,"column":6},"end":{"line":97,"column":43}},"39":{"start":{"line":98,"column":6},"end":{"line":98,"column":35}},"40":{"start":{"line":102,"column":27},"end":{"line":102,"column":101}},"41":{"start":{"line":102,"column":42},"end":{"line":102,"column":85}},"42":{"start":{"line":104,"column":20},"end":{"line":120,"column":3}},"43":{"start":{"line":105,"column":4},"end":{"line":115,"column":5}},"44":{"start":{"line":106,"column":6},"end":{"line":106,"column":45}},"45":{"start":{"line":107,"column":6},"end":{"line":107,"column":43}},"46":{"start":{"line":108,"column":6},"end":{"line":108,"column":53}},"47":{"start":{"line":109,"column":6},"end":{"line":109,"column":41}},"48":{"start":{"line":111,"column":6},"end":{"line":111,"column":20}},"49":{"start":{"line":112,"column":6},"end":{"line":112,"column":19}},"50":{"start":{"line":113,"column":6},"end":{"line":113,"column":26}},"51":{"start":{"line":114,"column":6},"end":{"line":114,"column":54}},"52":{"start":{"line":116,"column":4},"end":{"line":119,"column":5}},"53":{"start":{"line":117,"column":6},"end":{"line":117,"column":21}},"54":{"start":{"line":118,"column":6},"end":{"line":118,"column":25}},"55":{"start":{"line":133,"column":23},"end":{"line":160,"column":3}},"56":{"start":{"line":135,"column":24},"end":{"line":135,"column":42}},"57":{"start":{"line":136,"column":4},"end":{"line":138,"column":5}},"58":{"start":{"line":137,"column":6},"end":{"line":137,"column":72}},"59":{"start":{"line":141,"column":4},"end":{"line":143,"column":5}},"60":{"start":{"line":142,"column":6},"end":{"line":142,"column":65}},"61":{"start":{"line":146,"column":4},"end":{"line":148,"column":5}},"62":{"start":{"line":147,"column":6},"end":{"line":147,"column":65}},"63":{"start":{"line":151,"column":25},"end":{"line":151,"column":39}},"64":{"start":{"line":152,"column":18},"end":{"line":152,"column":28}},"65":{"start":{"line":153,"column":4},"end":{"line":153,"column":36}},"66":{"start":{"line":155,"column":4},"end":{"line":157,"column":5}},"67":{"start":{"line":156,"column":6},"end":{"line":156,"column":73}},"68":{"start":{"line":159,"column":4},"end":{"line":159,"column":42}},"69":{"start":{"line":162,"column":23},"end":{"line":219,"column":3}},"70":{"start":{"line":163,"column":4},"end":{"line":163,"column":23}},"71":{"start":{"line":166,"column":4},"end":{"line":166,"column":19}},"72":{"start":{"line":167,"column":4},"end":{"line":167,"column":23}},"73":{"start":{"line":170,"column":23},"end":{"line":170,"column":37}},"74":{"start":{"line":171,"column":4},"end":{"line":175,"column":5}},"75":{"start":{"line":172,"column":6},"end":{"line":172,"column":37}},"76":{"start":{"line":173,"column":6},"end":{"line":173,"column":30}},"77":{"start":{"line":174,"column":6},"end":{"line":174,"column":13}},"78":{"start":{"line":177,"column":4},"end":{"line":218,"column":5}},"79":{"start":{"line":179,"column":6},"end":{"line":179,"column":23}},"80":{"start":{"line":181,"column":6},"end":{"line":209,"column":7}},"81":{"start":{"line":183,"column":8},"end":{"line":189,"column":11}},"82":{"start":{"line":183,"column":29},"end":{"line":189,"column":11}},"83":{"start":{"line":192,"column":26},"end":{"line":197,"column":7}},"84":{"start":{"line":199,"column":8},"end":{"line":199,"column":55}},"85":{"start":{"line":201,"column":6},"end":{"line":201,"column":48}},"86":{"start":{"line":202,"column":6},"end":{"line":202,"column":32}},"87":{"start":{"line":204,"column":6},"end":{"line":206,"column":9}},"88":{"start":{"line":205,"column":8},"end":{"line":205,"column":25}},"89":{"start":{"line":208,"column":6},"end":{"line":208,"column":43}},"90":{"start":{"line":213,"column":6},"end":{"line":213,"column":60}},"91":{"start":{"line":214,"column":6},"end":{"line":214,"column":30}},"92":{"start":{"line":217,"column":6},"end":{"line":217,"column":24}},"93":{"start":{"line":221,"column":29},"end":{"line":237,"column":3}},"94":{"start":{"line":223,"column":23},"end":{"line":223,"column":52}},"95":{"start":{"line":226,"column":18},"end":{"line":226,"column":39}},"96":{"start":{"line":227,"column":4},"end":{"line":229,"column":5}},"97":{"start":{"line":228,"column":6},"end":{"line":228,"column":13}},"98":{"start":{"line":232,"column":4},"end":{"line":234,"column":5}},"99":{"start":{"line":233,"column":6},"end":{"line":233,"column":13}},"100":{"start":{"line":236,"column":4},"end":{"line":236,"column":26}},"101":{"start":{"line":239,"column":23},"end":{"line":246,"column":3}},"102":{"start":{"line":242,"column":4},"end":{"line":242,"column":16}},"103":{"start":{"line":243,"column":4},"end":{"line":245,"column":5}},"104":{"start":{"line":244,"column":6},"end":{"line":244,"column":17}},"105":{"start":{"line":248,"column":2},"end":{"line":344,"column":4}},"106":{"start":{"line":267,"column":29},"end":{"line":267,"column":63}},"107":{"start":{"line":284,"column":29},"end":{"line":284,"column":53}},"108":{"start":{"line":299,"column":29},"end":{"line":299,"column":56}},"109":{"start":{"line":303,"column":13},"end":{"line":305,"column":23}},"110":{"start":{"line":318,"column":29},"end":{"line":318,"column":52}}},"fnMap":{"0":{"name":"ExpenseForm","decl":{"start":{"line":8,"column":24},"end":{"line":8,"column":35}},"loc":{"start":{"line":14,"column":3},"end":{"line":345,"column":1}},"line":14},"1":{"name":"(anonymous_1)","decl":{"start":{"line":41,"column":12},"end":{"line":41,"column":13}},"loc":{"start":{"line":41,"column":18},"end":{"line":74,"column":3}},"line":41},"2":{"name":"(anonymous_2)","decl":{"start":{"line":45,"column":22},"end":{"line":45,"column":23}},"loc":{"start":{"line":45,"column":28},"end":{"line":45,"column":30}},"line":45},"3":{"name":"(anonymous_3)","decl":{"start":{"line":51,"column":34},"end":{"line":51,"column":35}},"loc":{"start":{"line":51,"column":53},"end":{"line":57,"column":7}},"line":51},"4":{"name":"(anonymous_4)","decl":{"start":{"line":53,"column":30},"end":{"line":53,"column":31}},"loc":{"start":{"line":53,"column":39},"end":{"line":55,"column":9}},"line":53},"5":{"name":"(anonymous_5)","decl":{"start":{"line":64,"column":11},"end":{"line":64,"column":12}},"loc":{"start":{"line":64,"column":17},"end":{"line":73,"column":5}},"line":64},"6":{"name":"(anonymous_6)","decl":{"start":{"line":79,"column":31},"end":{"line":79,"column":32}},"loc":{"start":{"line":79,"column":38},"end":{"line":79,"column":91}},"line":79},"7":{"name":"(anonymous_7)","decl":{"start":{"line":79,"column":62},"end":{"line":79,"column":63}},"loc":{"start":{"line":79,"column":69},"end":{"line":79,"column":90}},"line":79},"8":{"name":"(anonymous_8)","decl":{"start":{"line":85,"column":12},"end":{"line":85,"column":13}},"loc":{"start":{"line":85,"column":18},"end":{"line":90,"column":3}},"line":85},"9":{"name":"(anonymous_9)","decl":{"start":{"line":93,"column":12},"end":{"line":93,"column":13}},"loc":{"start":{"line":93,"column":18},"end":{"line":100,"column":3}},"line":93},"10":{"name":"(anonymous_10)","decl":{"start":{"line":102,"column":35},"end":{"line":102,"column":36}},"loc":{"start":{"line":102,"column":42},"end":{"line":102,"column":85}},"line":102},"11":{"name":"(anonymous_11)","decl":{"start":{"line":104,"column":20},"end":{"line":104,"column":21}},"loc":{"start":{"line":104,"column":58},"end":{"line":120,"column":3}},"line":104},"12":{"name":"(anonymous_12)","decl":{"start":{"line":133,"column":23},"end":{"line":133,"column":24}},"loc":{"start":{"line":133,"column":29},"end":{"line":160,"column":3}},"line":133},"13":{"name":"(anonymous_13)","decl":{"start":{"line":162,"column":23},"end":{"line":162,"column":24}},"loc":{"start":{"line":162,"column":36},"end":{"line":219,"column":3}},"line":162},"14":{"name":"(anonymous_14)","decl":{"start":{"line":221,"column":29},"end":{"line":221,"column":30}},"loc":{"start":{"line":221,"column":40},"end":{"line":237,"column":3}},"line":221},"15":{"name":"(anonymous_15)","decl":{"start":{"line":239,"column":23},"end":{"line":239,"column":24}},"loc":{"start":{"line":239,"column":29},"end":{"line":246,"column":3}},"line":239},"16":{"name":"(anonymous_16)","decl":{"start":{"line":267,"column":22},"end":{"line":267,"column":23}},"loc":{"start":{"line":267,"column":29},"end":{"line":267,"column":63}},"line":267},"17":{"name":"(anonymous_17)","decl":{"start":{"line":284,"column":22},"end":{"line":284,"column":23}},"loc":{"start":{"line":284,"column":29},"end":{"line":284,"column":53}},"line":284},"18":{"name":"(anonymous_18)","decl":{"start":{"line":299,"column":22},"end":{"line":299,"column":23}},"loc":{"start":{"line":299,"column":29},"end":{"line":299,"column":56}},"line":299},"19":{"name":"(anonymous_19)","decl":{"start":{"line":302,"column":30},"end":{"line":302,"column":31}},"loc":{"start":{"line":303,"column":13},"end":{"line":305,"column":23}},"line":303},"20":{"name":"(anonymous_20)","decl":{"start":{"line":318,"column":22},"end":{"line":318,"column":23}},"loc":{"start":{"line":318,"column":29},"end":{"line":318,"column":52}},"line":318}},"branchMap":{"0":{"loc":{"start":{"line":12,"column":2},"end":{"line":12,"column":23}},"type":"default-arg","locations":[{"start":{"line":12,"column":19},"end":{"line":12,"column":23}}],"line":12},"1":{"loc":{"start":{"line":13,"column":2},"end":{"line":13,"column":20}},"type":"default-arg","locations":[{"start":{"line":13,"column":15},"end":{"line":13,"column":20}}],"line":13},"2":{"loc":{"start":{"line":16,"column":39},"end":{"line":16,"column":82}},"type":"cond-expr","locations":[{"start":{"line":16,"column":56},"end":{"line":16,"column":77}},{"start":{"line":16,"column":80},"end":{"line":16,"column":82}}],"line":16},"3":{"loc":{"start":{"line":17,"column":37},"end":{"line":17,"column":79}},"type":"cond-expr","locations":[{"start":{"line":17,"column":54},"end":{"line":17,"column":74}},{"start":{"line":17,"column":77},"end":{"line":17,"column":79}}],"line":17},"4":{"loc":{"start":{"line":18,"column":43},"end":{"line":18,"column":92}},"type":"cond-expr","locations":[{"start":{"line":18,"column":60},"end":{"line":18,"column":83}},{"start":{"line":18,"column":86},"end":{"line":18,"column":92}}],"line":18},"5":{"loc":{"start":{"line":19,"column":35},"end":{"line":19,"column":76}},"type":"cond-expr","locations":[{"start":{"line":19,"column":52},"end":{"line":19,"column":71}},{"start":{"line":19,"column":74},"end":{"line":19,"column":76}}],"line":19},"6":{"loc":{"start":{"line":42,"column":4},"end":{"line":42,"column":29}},"type":"if","locations":[{"start":{"line":42,"column":4},"end":{"line":42,"column":29}},{"start":{},"end":{}}],"line":42},"7":{"loc":{"start":{"line":67,"column":8},"end":{"line":69,"column":9}},"type":"if","locations":[{"start":{"line":67,"column":8},"end":{"line":69,"column":9}},{"start":{},"end":{}}],"line":67},"8":{"loc":{"start":{"line":86,"column":4},"end":{"line":89,"column":5}},"type":"if","locations":[{"start":{"line":86,"column":4},"end":{"line":89,"column":5}},{"start":{},"end":{}}],"line":86},"9":{"loc":{"start":{"line":86,"column":8},"end":{"line":86,"column":32}},"type":"binary-expr","locations":[{"start":{"line":86,"column":8},"end":{"line":86,"column":23}},{"start":{"line":86,"column":27},"end":{"line":86,"column":32}}],"line":86},"10":{"loc":{"start":{"line":94,"column":4},"end":{"line":99,"column":5}},"type":"if","locations":[{"start":{"line":94,"column":4},"end":{"line":99,"column":5}},{"start":{},"end":{}}],"line":94},"11":{"loc":{"start":{"line":102,"column":42},"end":{"line":102,"column":85}},"type":"cond-expr","locations":[{"start":{"line":102,"column":55},"end":{"line":102,"column":69}},{"start":{"line":102,"column":72},"end":{"line":102,"column":85}}],"line":102},"12":{"loc":{"start":{"line":104,"column":21},"end":{"line":104,"column":53}},"type":"default-arg","locations":[{"start":{"line":104,"column":51},"end":{"line":104,"column":53}}],"line":104},"13":{"loc":{"start":{"line":104,"column":23},"end":{"line":104,"column":46}},"type":"default-arg","locations":[{"start":{"line":104,"column":41},"end":{"line":104,"column":46}}],"line":104},"14":{"loc":{"start":{"line":105,"column":4},"end":{"line":115,"column":5}},"type":"if","locations":[{"start":{"line":105,"column":4},"end":{"line":115,"column":5}},{"start":{"line":110,"column":11},"end":{"line":115,"column":5}}],"line":105},"15":{"loc":{"start":{"line":106,"column":16},"end":{"line":106,"column":43}},"type":"binary-expr","locations":[{"start":{"line":106,"column":16},"end":{"line":106,"column":37}},{"start":{"line":106,"column":41},"end":{"line":106,"column":43}}],"line":106},"16":{"loc":{"start":{"line":107,"column":15},"end":{"line":107,"column":41}},"type":"binary-expr","locations":[{"start":{"line":107,"column":15},"end":{"line":107,"column":35}},{"start":{"line":107,"column":39},"end":{"line":107,"column":41}}],"line":107},"17":{"loc":{"start":{"line":108,"column":18},"end":{"line":108,"column":51}},"type":"binary-expr","locations":[{"start":{"line":108,"column":18},"end":{"line":108,"column":41}},{"start":{"line":108,"column":45},"end":{"line":108,"column":51}}],"line":108},"18":{"loc":{"start":{"line":109,"column":14},"end":{"line":109,"column":39}},"type":"binary-expr","locations":[{"start":{"line":109,"column":14},"end":{"line":109,"column":33}},{"start":{"line":109,"column":37},"end":{"line":109,"column":39}}],"line":109},"19":{"loc":{"start":{"line":116,"column":4},"end":{"line":119,"column":5}},"type":"if","locations":[{"start":{"line":116,"column":4},"end":{"line":119,"column":5}},{"start":{},"end":{}}],"line":116},"20":{"loc":{"start":{"line":136,"column":4},"end":{"line":138,"column":5}},"type":"if","locations":[{"start":{"line":136,"column":4},"end":{"line":138,"column":5}},{"start":{},"end":{}}],"line":136},"21":{"loc":{"start":{"line":136,"column":8},"end":{"line":136,"column":35}},"type":"binary-expr","locations":[{"start":{"line":136,"column":8},"end":{"line":136,"column":15}},{"start":{"line":136,"column":19},"end":{"line":136,"column":35}}],"line":136},"22":{"loc":{"start":{"line":141,"column":4},"end":{"line":143,"column":5}},"type":"if","locations":[{"start":{"line":141,"column":4},"end":{"line":143,"column":5}},{"start":{},"end":{}}],"line":141},"23":{"loc":{"start":{"line":146,"column":4},"end":{"line":148,"column":5}},"type":"if","locations":[{"start":{"line":146,"column":4},"end":{"line":148,"column":5}},{"start":{},"end":{}}],"line":146},"24":{"loc":{"start":{"line":155,"column":4},"end":{"line":157,"column":5}},"type":"if","locations":[{"start":{"line":155,"column":4},"end":{"line":157,"column":5}},{"start":{},"end":{}}],"line":155},"25":{"loc":{"start":{"line":171,"column":4},"end":{"line":175,"column":5}},"type":"if","locations":[{"start":{"line":171,"column":4},"end":{"line":175,"column":5}},{"start":{},"end":{}}],"line":171},"26":{"loc":{"start":{"line":181,"column":6},"end":{"line":209,"column":7}},"type":"if","locations":[{"start":{"line":181,"column":6},"end":{"line":209,"column":7}},{"start":{"line":190,"column":13},"end":{"line":209,"column":7}}],"line":181},"27":{"loc":{"start":{"line":181,"column":10},"end":{"line":181,"column":38}},"type":"binary-expr","locations":[{"start":{"line":181,"column":10},"end":{"line":181,"column":20}},{"start":{"line":181,"column":24},"end":{"line":181,"column":38}}],"line":181},"28":{"loc":{"start":{"line":183,"column":8},"end":{"line":189,"column":11}},"type":"if","locations":[{"start":{"line":183,"column":8},"end":{"line":189,"column":11}},{"start":{},"end":{}}],"line":183},"29":{"loc":{"start":{"line":204,"column":6},"end":{"line":206,"column":9}},"type":"if","locations":[{"start":{"line":204,"column":6},"end":{"line":206,"column":9}},{"start":{},"end":{}}],"line":204},"30":{"loc":{"start":{"line":227,"column":4},"end":{"line":229,"column":5}},"type":"if","locations":[{"start":{"line":227,"column":4},"end":{"line":229,"column":5}},{"start":{},"end":{}}],"line":227},"31":{"loc":{"start":{"line":232,"column":4},"end":{"line":234,"column":5}},"type":"if","locations":[{"start":{"line":232,"column":4},"end":{"line":234,"column":5}},{"start":{},"end":{}}],"line":232},"32":{"loc":{"start":{"line":232,"column":8},"end":{"line":232,"column":39}},"type":"binary-expr","locations":[{"start":{"line":232,"column":8},"end":{"line":232,"column":16}},{"start":{"line":232,"column":20},"end":{"line":232,"column":39}}],"line":232},"33":{"loc":{"start":{"line":243,"column":4},"end":{"line":245,"column":5}},"type":"if","locations":[{"start":{"line":243,"column":4},"end":{"line":245,"column":5}},{"start":{},"end":{}}],"line":243},"34":{"loc":{"start":{"line":251,"column":7},"end":{"line":255,"column":7}},"type":"binary-expr","locations":[{"start":{"line":251,"column":7},"end":{"line":251,"column":14}},{"start":{"line":252,"column":8},"end":{"line":254,"column":14}}],"line":251},"35":{"loc":{"start":{"line":252,"column":33},"end":{"line":252,"column":92}},"type":"cond-expr","locations":[{"start":{"line":252,"column":61},"end":{"line":252,"column":76}},{"start":{"line":252,"column":79},"end":{"line":252,"column":92}}],"line":252},"36":{"loc":{"start":{"line":303,"column":26},"end":{"line":303,"column":44}},"type":"binary-expr","locations":[{"start":{"line":303,"column":26},"end":{"line":303,"column":32}},{"start":{"line":303,"column":36},"end":{"line":303,"column":44}}],"line":303},"37":{"loc":{"start":{"line":339,"column":13},"end":{"line":339,"column":90}},"type":"cond-expr","locations":[{"start":{"line":339,"column":24},"end":{"line":339,"column":70}},{"start":{"line":339,"column":74},"end":{"line":339,"column":90}}],"line":339},"38":{"loc":{"start":{"line":339,"column":24},"end":{"line":339,"column":70}},"type":"cond-expr","locations":[{"start":{"line":339,"column":37},"end":{"line":339,"column":48}},{"start":{"line":339,"column":51},"end":{"line":339,"column":70}}],"line":339}},"s":{"0":94,"1":94,"2":94,"3":94,"4":94,"5":94,"6":94,"7":94,"8":94,"9":94,"10":94,"11":22,"12":1,"13":21,"14":21,"15":21,"16":20,"17":18,"18":18,"19":18,"20":18,"21":1,"22":21,"23":21,"24":21,"25":20,"26":1,"27":94,"28":68,"29":408,"30":94,"31":49,"32":16,"33":16,"34":94,"35":22,"36":6,"37":6,"38":6,"39":6,"40":94,"41":22,"42":94,"43":7,"44":2,"45":2,"46":2,"47":2,"48":5,"49":5,"50":5,"51":5,"52":7,"53":3,"54":3,"55":94,"56":12,"57":12,"58":1,"59":11,"60":1,"61":10,"62":1,"63":9,"64":9,"65":9,"66":9,"67":1,"68":8,"69":94,"70":12,"71":12,"72":12,"73":12,"74":12,"75":4,"76":4,"77":4,"78":8,"79":8,"80":8,"81":3,"82":2,"83":5,"84":5,"85":4,"86":4,"87":4,"88":3,"89":4,"90":1,"91":1,"92":8,"93":94,"94":11,"95":11,"96":11,"97":1,"98":10,"99":1,"100":9,"101":94,"102":3,"103":3,"104":2,"105":94,"106":11,"107":10,"108":2,"109":632,"110":8},"f":{"0":94,"1":22,"2":1,"3":18,"4":18,"5":21,"6":68,"7":408,"8":49,"9":22,"10":22,"11":7,"12":12,"13":12,"14":11,"15":3,"16":11,"17":10,"18":2,"19":632,"20":8},"b":{"0":[66],"1":[66],"2":[28,66],"3":[28,66],"4":[28,66],"5":[28,66],"6":[1,21],"7":[20,1],"8":[16,33],"9":[49,42],"10":[6,16],"11":[6,16],"12":[3],"13":[3],"14":[2,5],"15":[2,1],"16":[2,1],"17":[2,1],"18":[2,1],"19":[3,4],"20":[1,11],"21":[12,11],"22":[1,10],"23":[1,9],"24":[1,8],"25":[4,8],"26":[3,5],"27":[8,3],"28":[2,1],"29":[3,1],"30":[1,10],"31":[1,9],"32":[10,3],"33":[2,1],"34":[94,9],"35":[3,6],"36":[632,1],"37":[7,87],"38":[2,5]},"_coverageSchema":"1a1c01bbd47fc00a2c39e90264f33305004495a9","hash":"21f9271fcd6e3d4faa093aac9fb12f5778f523ec"}
,"/home/runner/work/BudgetBuddy/BudgetBuddy/src/components/Expense/ExpenseList.jsx": {"path":"/home/runner/work/BudgetBuddy/BudgetBuddy/src/components/Expense/ExpenseList.jsx","statementMap":{"0":{"start":{"line":30,"column":34},"end":{"line":30,"column":46}},"1":{"start":{"line":31,"column":32},"end":{"line":31,"column":46}},"2":{"start":{"line":32,"column":28},"end":{"line":32,"column":40}},"3":{"start":{"line":33,"column":46},"end":{"line":33,"column":61}},"4":{"start":{"line":34,"column":30},"end":{"line":34,"column":46}},"5":{"start":{"line":35,"column":36},"end":{"line":35,"column":52}},"6":{"start":{"line":36,"column":48},"end":{"line":36,"column":63}},"7":{"start":{"line":37,"column":48},"end":{"line":37,"column":62}},"8":{"start":{"line":40,"column":26},"end":{"line":40,"column":35}},"9":{"start":{"line":43,"column":21},"end":{"line":46,"column":3}},"10":{"start":{"line":58,"column":24},"end":{"line":71,"column":3}},"11":{"start":{"line":59,"column":4},"end":{"line":70,"column":5}},"12":{"start":{"line":60,"column":6},"end":{"line":60,"column":23}},"13":{"start":{"line":61,"column":6},"end":{"line":61,"column":19}},"14":{"start":{"line":64,"column":27},"end":{"line":64,"column":61}},"15":{"start":{"line":65,"column":6},"end":{"line":65,"column":32}},"16":{"start":{"line":67,"column":6},"end":{"line":67,"column":60}},"17":{"start":{"line":69,"column":6},"end":{"line":69,"column":24}},"18":{"start":{"line":81,"column":2},"end":{"line":85,"column":36}},"19":{"start":{"line":82,"column":4},"end":{"line":84,"column":5}},"20":{"start":{"line":83,"column":6},"end":{"line":83,"column":22}},"21":{"start":{"line":97,"column":39},"end":{"line":133,"column":3}},"22":{"start":{"line":98,"column":27},"end":{"line":98,"column":40}},"23":{"start":{"line":101,"column":4},"end":{"line":105,"column":5}},"24":{"start":{"line":102,"column":6},"end":{"line":104,"column":8}},"25":{"start":{"line":103,"column":19},"end":{"line":103,"column":54}},"26":{"start":{"line":108,"column":4},"end":{"line":130,"column":7}},"27":{"start":{"line":109,"column":23},"end":{"line":109,"column":24}},"28":{"start":{"line":111,"column":6},"end":{"line":126,"column":7}},"29":{"start":{"line":113,"column":10},"end":{"line":113,"column":59}},"30":{"start":{"line":114,"column":10},"end":{"line":114,"column":16}},"31":{"start":{"line":116,"column":10},"end":{"line":116,"column":43}},"32":{"start":{"line":117,"column":10},"end":{"line":117,"column":16}},"33":{"start":{"line":119,"column":10},"end":{"line":119,"column":60}},"34":{"start":{"line":120,"column":10},"end":{"line":120,"column":16}},"35":{"start":{"line":122,"column":10},"end":{"line":122,"column":66}},"36":{"start":{"line":123,"column":10},"end":{"line":123,"column":16}},"37":{"start":{"line":125,"column":10},"end":{"line":125,"column":25}},"38":{"start":{"line":129,"column":6},"end":{"line":129,"column":60}},"39":{"start":{"line":132,"column":4},"end":{"line":132,"column":28}},"40":{"start":{"line":144,"column":28},"end":{"line":147,"column":3}},"41":{"start":{"line":145,"column":4},"end":{"line":145,"column":32}},"42":{"start":{"line":146,"column":4},"end":{"line":146,"column":29}},"43":{"start":{"line":158,"column":24},"end":{"line":174,"column":3}},"44":{"start":{"line":159,"column":4},"end":{"line":173,"column":5}},"45":{"start":{"line":161,"column":6},"end":{"line":161,"column":46}},"46":{"start":{"line":164,"column":6},"end":{"line":164,"column":73}},"47":{"start":{"line":164,"column":41},"end":{"line":164,"column":70}},"48":{"start":{"line":167,"column":6},"end":{"line":167,"column":32}},"49":{"start":{"line":168,"column":6},"end":{"line":168,"column":31}},"50":{"start":{"line":170,"column":6},"end":{"line":170,"column":61}},"51":{"start":{"line":171,"column":6},"end":{"line":171,"column":32}},"52":{"start":{"line":172,"column":6},"end":{"line":172,"column":31}},"53":{"start":{"line":179,"column":23},"end":{"line":182,"column":3}},"54":{"start":{"line":180,"column":4},"end":{"line":180,"column":30}},"55":{"start":{"line":181,"column":4},"end":{"line":181,"column":29}},"56":{"start":{"line":190,"column":21},"end":{"line":198,"column":3}},"57":{"start":{"line":191,"column":4},"end":{"line":191,"column":31}},"58":{"start":{"line":191,"column":21},"end":{"line":191,"column":31}},"59":{"start":{"line":192,"column":31},"end":{"line":192,"column":52}},"60":{"start":{"line":193,"column":19},"end":{"line":196,"column":5}},"61":{"start":{"line":197,"column":4},"end":{"line":197,"column":64}},"62":{"start":{"line":206,"column":23},"end":{"line":211,"column":3}},"63":{"start":{"line":207,"column":4},"end":{"line":210,"column":22}},"64":{"start":{"line":214,"column":27},"end":{"line":214,"column":57}},"65":{"start":{"line":216,"column":2},"end":{"line":368,"column":4}},"66":{"start":{"line":229,"column":31},"end":{"line":229,"column":64}},"67":{"start":{"line":232,"column":16},"end":{"line":234,"column":25}},"68":{"start":{"line":244,"column":31},"end":{"line":244,"column":56}},"69":{"start":{"line":258,"column":29},"end":{"line":258,"column":79}},"70":{"start":{"line":297,"column":16},"end":{"line":332,"column":29}},"71":{"start":{"line":327,"column":35},"end":{"line":327,"column":61}}},"fnMap":{"0":{"name":"ExpenseList","decl":{"start":{"line":28,"column":24},"end":{"line":28,"column":35}},"loc":{"start":{"line":28,"column":56},"end":{"line":369,"column":1}},"line":28},"1":{"name":"(anonymous_1)","decl":{"start":{"line":58,"column":24},"end":{"line":58,"column":25}},"loc":{"start":{"line":58,"column":36},"end":{"line":71,"column":3}},"line":58},"2":{"name":"(anonymous_2)","decl":{"start":{"line":81,"column":12},"end":{"line":81,"column":13}},"loc":{"start":{"line":81,"column":18},"end":{"line":85,"column":3}},"line":81},"3":{"name":"(anonymous_3)","decl":{"start":{"line":97,"column":39},"end":{"line":97,"column":40}},"loc":{"start":{"line":97,"column":45},"end":{"line":133,"column":3}},"line":97},"4":{"name":"(anonymous_4)","decl":{"start":{"line":103,"column":8},"end":{"line":103,"column":9}},"loc":{"start":{"line":103,"column":19},"end":{"line":103,"column":54}},"line":103},"5":{"name":"(anonymous_5)","decl":{"start":{"line":108,"column":26},"end":{"line":108,"column":27}},"loc":{"start":{"line":108,"column":36},"end":{"line":130,"column":5}},"line":108},"6":{"name":"(anonymous_6)","decl":{"start":{"line":144,"column":28},"end":{"line":144,"column":29}},"loc":{"start":{"line":144,"column":41},"end":{"line":147,"column":3}},"line":144},"7":{"name":"(anonymous_7)","decl":{"start":{"line":158,"column":24},"end":{"line":158,"column":25}},"loc":{"start":{"line":158,"column":36},"end":{"line":174,"column":3}},"line":158},"8":{"name":"(anonymous_8)","decl":{"start":{"line":164,"column":34},"end":{"line":164,"column":35}},"loc":{"start":{"line":164,"column":41},"end":{"line":164,"column":70}},"line":164},"9":{"name":"(anonymous_9)","decl":{"start":{"line":179,"column":23},"end":{"line":179,"column":24}},"loc":{"start":{"line":179,"column":29},"end":{"line":182,"column":3}},"line":179},"10":{"name":"(anonymous_10)","decl":{"start":{"line":190,"column":21},"end":{"line":190,"column":22}},"loc":{"start":{"line":190,"column":37},"end":{"line":198,"column":3}},"line":190},"11":{"name":"(anonymous_11)","decl":{"start":{"line":206,"column":23},"end":{"line":206,"column":24}},"loc":{"start":{"line":206,"column":35},"end":{"line":211,"column":3}},"line":206},"12":{"name":"(anonymous_12)","decl":{"start":{"line":229,"column":24},"end":{"line":229,"column":25}},"loc":{"start":{"line":229,"column":31},"end":{"line":229,"column":64}},"line":229},"13":{"name":"(anonymous_13)","decl":{"start":{"line":231,"column":30},"end":{"line":231,"column":31}},"loc":{"start":{"line":232,"column":16},"end":{"line":234,"column":25}},"line":232},"14":{"name":"(anonymous_14)","decl":{"start":{"line":244,"column":24},"end":{"line":244,"column":25}},"loc":{"start":{"line":244,"column":31},"end":{"line":244,"column":56}},"line":244},"15":{"name":"(anonymous_15)","decl":{"start":{"line":258,"column":23},"end":{"line":258,"column":24}},"loc":{"start":{"line":258,"column":29},"end":{"line":258,"column":79}},"line":258},"16":{"name":"(anonymous_16)","decl":{"start":{"line":296,"column":35},"end":{"line":296,"column":36}},"loc":{"start":{"line":297,"column":16},"end":{"line":332,"column":29}},"line":297},"17":{"name":"(anonymous_17)","decl":{"start":{"line":327,"column":29},"end":{"line":327,"column":30}},"loc":{"start":{"line":327,"column":35},"end":{"line":327,"column":61}},"line":327}},"branchMap":{"0":{"loc":{"start":{"line":82,"column":4},"end":{"line":84,"column":5}},"type":"if","locations":[{"start":{"line":82,"column":4},"end":{"line":84,"column":5}},{"start":{},"end":{}}],"line":82},"1":{"loc":{"start":{"line":101,"column":4},"end":{"line":105,"column":5}},"type":"if","locations":[{"start":{"line":101,"column":4},"end":{"line":105,"column":5}},{"start":{},"end":{}}],"line":101},"2":{"loc":{"start":{"line":111,"column":6},"end":{"line":126,"column":7}},"type":"switch","locations":[{"start":{"line":112,"column":8},"end":{"line":114,"column":16}},{"start":{"line":115,"column":8},"end":{"line":117,"column":16}},{"start":{"line":118,"column":8},"end":{"line":120,"column":16}},{"start":{"line":121,"column":8},"end":{"line":123,"column":16}},{"start":{"line":124,"column":8},"end":{"line":125,"column":25}}],"line":111},"3":{"loc":{"start":{"line":129,"column":13},"end":{"line":129,"column":59}},"type":"cond-expr","locations":[{"start":{"line":129,"column":35},"end":{"line":129,"column":45}},{"start":{"line":129,"column":48},"end":{"line":129,"column":59}}],"line":129},"4":{"loc":{"start":{"line":191,"column":4},"end":{"line":191,"column":31}},"type":"if","locations":[{"start":{"line":191,"column":4},"end":{"line":191,"column":31}},{"start":{},"end":{}}],"line":191},"5":{"loc":{"start":{"line":258,"column":42},"end":{"line":258,"column":78}},"type":"cond-expr","locations":[{"start":{"line":258,"column":64},"end":{"line":258,"column":70}},{"start":{"line":258,"column":73},"end":{"line":258,"column":78}}],"line":258},"6":{"loc":{"start":{"line":260,"column":15},"end":{"line":260,"column":46}},"type":"cond-expr","locations":[{"start":{"line":260,"column":37},"end":{"line":260,"column":40}},{"start":{"line":260,"column":43},"end":{"line":260,"column":46}}],"line":260},"7":{"loc":{"start":{"line":267,"column":7},"end":{"line":267,"column":58}},"type":"binary-expr","locations":[{"start":{"line":267,"column":7},"end":{"line":267,"column":12}},{"start":{"line":267,"column":16},"end":{"line":267,"column":58}}],"line":267},"8":{"loc":{"start":{"line":270,"column":7},"end":{"line":275,"column":7}},"type":"binary-expr","locations":[{"start":{"line":270,"column":7},"end":{"line":270,"column":14}},{"start":{"line":271,"column":8},"end":{"line":274,"column":14}}],"line":270},"9":{"loc":{"start":{"line":278,"column":7},"end":{"line":337,"column":7}},"type":"binary-expr","locations":[{"start":{"line":278,"column":7},"end":{"line":278,"column":15}},{"start":{"line":279,"column":8},"end":{"line":336,"column":14}}],"line":278},"10":{"loc":{"start":{"line":281,"column":13},"end":{"line":334,"column":13}},"type":"cond-expr","locations":[{"start":{"line":283,"column":14},"end":{"line":293,"column":27}},{"start":{"line":296,"column":14},"end":{"line":333,"column":16}}],"line":281},"11":{"loc":{"start":{"line":290,"column":17},"end":{"line":292,"column":17}},"type":"binary-expr","locations":[{"start":{"line":290,"column":17},"end":{"line":290,"column":41}},{"start":{"line":291,"column":18},"end":{"line":291,"column":79}}],"line":290},"12":{"loc":{"start":{"line":340,"column":7},"end":{"line":366,"column":7}},"type":"binary-expr","locations":[{"start":{"line":340,"column":7},"end":{"line":340,"column":22}},{"start":{"line":341,"column":8},"end":{"line":365,"column":14}}],"line":340}},"s":{"0":37,"1":37,"2":37,"3":37,"4":37,"5":37,"6":37,"7":37,"8":37,"9":37,"10":37,"11":10,"12":10,"13":10,"14":10,"15":9,"16":1,"17":10,"18":37,"19":11,"20":10,"21":37,"22":37,"23":37,"24":4,"25":8,"26":37,"27":20,"28":20,"29":13,"30":13,"31":2,"32":2,"33":2,"34":2,"35":2,"36":2,"37":1,"38":20,"39":37,"40":37,"41":3,"42":3,"43":37,"44":2,"45":2,"46":1,"47":2,"48":1,"49":1,"50":1,"51":1,"52":1,"53":37,"54":1,"55":1,"56":37,"57":44,"58":1,"59":43,"60":43,"61":43,"62":37,"63":47,"64":37,"65":37,"66":2,"67":333,"68":5,"69":4,"70":44,"71":3},"f":{"0":37,"1":10,"2":11,"3":37,"4":8,"5":20,"6":3,"7":2,"8":2,"9":1,"10":44,"11":47,"12":2,"13":333,"14":5,"15":4,"16":44,"17":3},"b":{"0":[10,1],"1":[4,33],"2":[13,2,2,2,1],"3":[4,16],"4":[1,43],"5":[1,3],"6":[5,32],"7":[37,2],"8":[37,11],"9":[37,26],"10":[2,24],"11":[2,1],"12":[37,3]},"_coverageSchema":"1a1c01bbd47fc00a2c39e90264f33305004495a9","hash":"4aa0df19fa7af5ecb1c5803628f69f7449524823"}
,"/home/runner/work/BudgetBuddy/BudgetBuddy/src/components/Layout/Navbar.jsx": {"path":"/home/runner/work/BudgetBuddy/BudgetBuddy/src/components/Layout/Navbar.jsx","statementMap":{"0":{"start":{"line":6,"column":34},"end":{"line":6,"column":43}},"1":{"start":{"line":7,"column":19},"end":{"line":7,"column":32}},"2":{"start":{"line":9,"column":23},"end":{"line":16,"column":3}},"3":{"start":{"line":10,"column":17},"end":{"line":10,"column":34}},"4":{"start":{"line":11,"column":4},"end":{"line":11,"column":50}},"5":{"start":{"line":11,"column":31},"end":{"line":11,"column":50}},"6":{"start":{"line":12,"column":4},"end":{"line":12,"column":54}},"7":{"start":{"line":12,"column":36},"end":{"line":12,"column":54}},"8":{"start":{"line":13,"column":4},"end":{"line":13,"column":58}},"9":{"start":{"line":13,"column":38},"end":{"line":13,"column":58}},"10":{"start":{"line":14,"column":4},"end":{"line":14,"column":52}},"11":{"start":{"line":14,"column":35},"end":{"line":14,"column":52}},"12":{"start":{"line":15,"column":4},"end":{"line":15,"column":23}},"13":{"start":{"line":18,"column":22},"end":{"line":25,"column":3}},"14":{"start":{"line":19,"column":17},"end":{"line":19,"column":34}},"15":{"start":{"line":20,"column":4},"end":{"line":20,"column":43}},"16":{"start":{"line":20,"column":31},"end":{"line":20,"column":43}},"17":{"start":{"line":21,"column":4},"end":{"line":21,"column":48}},"18":{"start":{"line":21,"column":36},"end":{"line":21,"column":48}},"19":{"start":{"line":22,"column":4},"end":{"line":22,"column":50}},"20":{"start":{"line":22,"column":38},"end":{"line":22,"column":50}},"21":{"start":{"line":23,"column":4},"end":{"line":23,"column":47}},"22":{"start":{"line":23,"column":35},"end":{"line":23,"column":47}},"23":{"start":{"line":24,"column":4},"end":{"line":24,"column":16}},"24":{"start":{"line":27,"column":23},"end":{"line":31,"column":3}},"25":{"start":{"line":28,"column":4},"end":{"line":30,"column":5}},"26":{"start":{"line":29,"column":6},"end":{"line":29,"column":15}},"27":{"start":{"line":33,"column":2},"end":{"line":70,"column":4}},"28":{"start":{"line":38,"column":23},"end":{"line":38,"column":52}},"29":{"start":{"line":38,"column":46},"end":{"line":38,"column":51}}},"fnMap":{"0":{"name":"Navbar","decl":{"start":{"line":5,"column":24},"end":{"line":5,"column":30}},"loc":{"start":{"line":5,"column":51},"end":{"line":71,"column":1}},"line":5},"1":{"name":"(anonymous_1)","decl":{"start":{"line":9,"column":23},"end":{"line":9,"column":24}},"loc":{"start":{"line":9,"column":29},"end":{"line":16,"column":3}},"line":9},"2":{"name":"(anonymous_2)","decl":{"start":{"line":18,"column":22},"end":{"line":18,"column":23}},"loc":{"start":{"line":18,"column":28},"end":{"line":25,"column":3}},"line":18},"3":{"name":"(anonymous_3)","decl":{"start":{"line":27,"column":23},"end":{"line":27,"column":24}},"loc":{"start":{"line":27,"column":29},"end":{"line":31,"column":3}},"line":27},"4":{"name":"(anonymous_4)","decl":{"start":{"line":38,"column":17},"end":{"line":38,"column":18}},"loc":{"start":{"line":38,"column":23},"end":{"line":38,"column":52}},"line":38},"5":{"name":"(anonymous_5)","decl":{"start":{"line":38,"column":38},"end":{"line":38,"column":39}},"loc":{"start":{"line":38,"column":46},"end":{"line":38,"column":51}},"line":38}},"branchMap":{"0":{"loc":{"start":{"line":11,"column":4},"end":{"line":11,"column":50}},"type":"if","locations":[{"start":{"line":11,"column":4},"end":{"line":11,"column":50}},{"start":{},"end":{}}],"line":11},"1":{"loc":{"start":{"line":12,"column":4},"end":{"line":12,"column":54}},"type":"if","locations":[{"start":{"line":12,"column":4},"end":{"line":12,"column":54}},{"start":{},"end":{}}],"line":12},"2":{"loc":{"start":{"line":13,"column":4},"end":{"line":13,"column":58}},"type":"if","locations":[{"start":{"line":13,"column":4},"end":{"line":13,"column":58}},{"start":{},"end":{}}],"line":13},"3":{"loc":{"start":{"line":14,"column":4},"end":{"line":14,"column":52}},"type":"if","locations":[{"start":{"line":14,"column":4},"end":{"line":14,"column":52}},{"start":{},"end":{}}],"line":14},"4":{"loc":{"start":{"line":20,"column":4},"end":{"line":20,"column":43}},"type":"if","locations":[{"start":{"line":20,"column":4},"end":{"line":20,"column":43}},{"start":{},"end":{}}],"line":20},"5":{"loc":{"start":{"line":21,"column":4},"end":{"line":21,"column":48}},"type":"if","locations":[{"start":{"line":21,"column":4},"end":{"line":21,"column":48}},{"start":{},"end":{}}],"line":21},"6":{"loc":{"start":{"line":22,"column":4},"end":{"line":22,"column":50}},"type":"if","locations":[{"start":{"line":22,"column":4},"end":{"line":22,"column":50}},{"start":{},"end":{}}],"line":22},"7":{"loc":{"start":{"line":23,"column":4},"end":{"line":23,"column":47}},"type":"if","locations":[{"start":{"line":23,"column":4},"end":{"line":23,"column":47}},{"start":{},"end":{}}],"line":23},"8":{"loc":{"start":{"line":28,"column":4},"end":{"line":30,"column":5}},"type":"if","locations":[{"start":{"line":28,"column":4},"end":{"line":30,"column":5}},{"start":{},"end":{}}],"line":28},"9":{"loc":{"start":{"line":52,"column":9},"end":{"line":66,"column":9}},"type":"binary-expr","locations":[{"start":{"line":52,"column":9},"end":{"line":52,"column":20}},{"start":{"line":53,"column":12},"end":{"line":65,"column":21}}],"line":52}},"s":{"0":8,"1":8,"2":8,"3":8,"4":8,"5":4,"6":4,"7":1,"8":3,"9":1,"10":2,"11":1,"12":1,"13":8,"14":8,"15":8,"16":4,"17":4,"18":1,"19":3,"20":1,"21":2,"22":1,"23":1,"24":8,"25":2,"26":1,"27":8,"28":1,"29":2},"f":{"0":8,"1":8,"2":8,"3":2,"4":1,"5":2},"b":{"0":[4,4],"1":[1,3],"2":[1,2],"3":[1,1],"4":[4,4],"5":[1,3],"6":[1,2],"7":[1,1],"8":[1,1],"9":[8,7]},"_coverageSchema":"1a1c01bbd47fc00a2c39e90264f33305004495a9","hash":"a7c2c5dc59ff480a004111acfb02fcc19099f998"}
[...]
,"/home/runner/work/BudgetBuddy/BudgetBuddy/src/pages/Landing.jsx": {"path":"/home/runner/work/BudgetBuddy/BudgetBuddy/src/pages/Landing.jsx","statementMap":{"0":{"start":{"line":6,"column":2},"end":{"line":190,"column":4}}},"fnMap":{"0":{"name":"Landing","decl":{"start":{"line":5,"column":24},"end":{"line":5,"column":31}},"loc":{"start":{"line":5,"column":34},"end":{"line":191,"column":1}},"line":5}},"branchMap":{},"s":{"0":2},"f":{"0":2},"b":{},"_coverageSchema":"1a1c01bbd47fc00a2c39e90264f33305004495a9","hash":"782a15794d0a7e2f44065a14b64ecd20bbc9777e"}
,"/home/runner/work/BudgetBuddy/BudgetBuddy/src/pages/PrivateRoute.jsx": {"path":"/home/runner/work/BudgetBuddy/BudgetBuddy/src/pages/PrivateRoute.jsx","statementMap":{"0":{"start":{"line":22,"column":26},"end":{"line":22,"column":35}},"1":{"start":{"line":26,"column":2},"end":{"line":26,"column":59}}},"fnMap":{"0":{"name":"PrivateRoute","decl":{"start":{"line":20,"column":24},"end":{"line":20,"column":36}},"loc":{"start":{"line":20,"column":51},"end":{"line":27,"column":1}},"line":20}},"branchMap":{"0":{"loc":{"start":{"line":26,"column":9},"end":{"line":26,"column":58}},"type":"cond-expr","locations":[{"start":{"line":26,"column":23},"end":{"line":26,"column":31}},{"start":{"line":26,"column":34},"end":{"line":26,"column":58}}],"line":26}},"s":{"0":2,"1":2},"f":{"0":2},"b":{"0":[1,1]},"_coverageSchema":"1a1c01bbd47fc00a2c39e90264f33305004495a9","hash":"8c2fbcafade4d943fd0d3967cd6b97c3976e2ffe"}
,"/home/runner/work/BudgetBuddy/BudgetBuddy/src/services/database.js": {"path":"/home/runner/work/BudgetBuddy/BudgetBuddy/src/services/database.js","statementMap":{"0":{"start":{"line":38,"column":28},"end":{"line":60,"column":3}},"1":{"start":{"line":39,"column":4},"end":{"line":59,"column":5}},"2":{"start":{"line":41,"column":6},"end":{"line":43,"column":7}},"3":{"start":{"line":42,"column":8},"end":{"line":42,"column":57}},"4":{"start":{"line":46,"column":34},"end":{"line":51,"column":7}},"5":{"start":{"line":54,"column":21},"end":{"line":54,"column":99}},"6":{"start":{"line":55,"column":6},"end":{"line":55,"column":23}},"7":{"start":{"line":57,"column":6},"end":{"line":57,"column":52}},"8":{"start":{"line":58,"column":6},"end":{"line":58,"column":65}},"9":{"start":{"line":62,"column":29},"end":{"line":75,"column":3}},"10":{"start":{"line":63,"column":4},"end":{"line":74,"column":5}},"11":{"start":{"line":64,"column":16},"end":{"line":64,"column":80}},"12":{"start":{"line":65,"column":28},"end":{"line":65,"column":44}},"13":{"start":{"line":66,"column":23},"end":{"line":66,"column":25}},"14":{"start":{"line":67,"column":6},"end":{"line":69,"column":9}},"15":{"start":{"line":68,"column":8},"end":{"line":68,"column":53}},"16":{"start":{"line":70,"column":6},"end":{"line":70,"column":22}},"17":{"start":{"line":72,"column":6},"end":{"line":72,"column":55}},"18":{"start":{"line":73,"column":6},"end":{"line":73,"column":18}},"19":{"start":{"line":85,"column":31},"end":{"line":105,"column":3}},"20":{"start":{"line":86,"column":4},"end":{"line":104,"column":5}},"21":{"start":{"line":88,"column":6},"end":{"line":90,"column":7}},"22":{"start":{"line":89,"column":8},"end":{"line":89,"column":55}},"23":{"start":{"line":93,"column":32},"end":{"line":96,"column":7}},"24":{"start":{"line":99,"column":25},"end":{"line":99,"column":72}},"25":{"start":{"line":100,"column":6},"end":{"line":100,"column":53}},"26":{"start":{"line":102,"column":6},"end":{"line":102,"column":54}},"27":{"start":{"line":103,"column":6},"end":{"line":103,"column":68}},"28":{"start":{"line":114,"column":31},"end":{"line":128,"column":3}},"29":{"start":{"line":115,"column":4},"end":{"line":127,"column":5}},"30":{"start":{"line":117,"column":6},"end":{"line":119,"column":7}},"31":{"start":{"line":118,"column":8},"end":{"line":118,"column":55}},"32":{"start":{"line":122,"column":25},"end":{"line":122,"column":72}},"33":{"start":{"line":123,"column":6},"end":{"line":123,"column":34}},"34":{"start":{"line":125,"column":6},"end":{"line":125,"column":54}},"35":{"start":{"line":126,"column":6},"end":{"line":126,"column":68}},"36":{"start":{"line":140,"column":29},"end":{"line":162,"column":3}},"37":{"start":{"line":141,"column":4},"end":{"line":161,"column":5}},"38":{"start":{"line":143,"column":6},"end":{"line":145,"column":7}},"39":{"start":{"line":144,"column":8},"end":{"line":144,"column":58}},"40":{"start":{"line":148,"column":35},"end":{"line":153,"column":7}},"41":{"start":{"line":156,"column":21},"end":{"line":156,"column":102}},"42":{"start":{"line":157,"column":6},"end":{"line":157,"column":23}},"43":{"start":{"line":159,"column":6},"end":{"line":159,"column":53}},"44":{"start":{"line":160,"column":6},"end":{"line":160,"column":66}},"45":{"start":{"line":164,"column":31},"end":{"line":177,"column":3}},"46":{"start":{"line":165,"column":4},"end":{"line":176,"column":5}},"47":{"start":{"line":166,"column":16},"end":{"line":166,"column":82}},"48":{"start":{"line":167,"column":28},"end":{"line":167,"column":44}},"49":{"start":{"line":168,"column":25},"end":{"line":168,"column":27}},"50":{"start":{"line":169,"column":6},"end":{"line":171,"column":9}},"51":{"start":{"line":170,"column":8},"end":{"line":170,"column":55}},"52":{"start":{"line":172,"column":6},"end":{"line":172,"column":24}},"53":{"start":{"line":174,"column":6},"end":{"line":174,"column":57}},"54":{"start":{"line":175,"column":6},"end":{"line":175,"column":18}},"55":{"start":{"line":187,"column":32},"end":{"line":207,"column":3}},"56":{"start":{"line":188,"column":4},"end":{"line":206,"column":5}},"57":{"start":{"line":190,"column":6},"end":{"line":192,"column":7}},"58":{"start":{"line":191,"column":8},"end":{"line":191,"column":55}},"59":{"start":{"line":195,"column":32},"end":{"line":198,"column":7}},"60":{"start":{"line":201,"column":26},"end":{"line":201,"column":76}},"61":{"start":{"line":202,"column":6},"end":{"line":202,"column":54}},"62":{"start":{"line":204,"column":6},"end":{"line":204,"column":55}},"63":{"start":{"line":205,"column":6},"end":{"line":205,"column":69}},"64":{"start":{"line":216,"column":32},"end":{"line":230,"column":3}},"65":{"start":{"line":217,"column":4},"end":{"line":229,"column":5}},"66":{"start":{"line":219,"column":6},"end":{"line":221,"column":7}},"67":{"start":{"line":220,"column":8},"end":{"line":220,"column":55}},"68":{"start":{"line":224,"column":26},"end":{"line":224,"column":76}},"69":{"start":{"line":225,"column":6},"end":{"line":225,"column":35}},"70":{"start":{"line":227,"column":6},"end":{"line":227,"column":55}},"71":{"start":{"line":228,"column":6},"end":{"line":228,"column":69}},"72":{"start":{"line":239,"column":37},"end":{"line":274,"column":3}},"73":{"start":{"line":240,"column":4},"end":{"line":273,"column":5}},"74":{"start":{"line":242,"column":6},"end":{"line":244,"column":7}},"75":{"start":{"line":243,"column":8},"end":{"line":243,"column":71}},"76":{"start":{"line":247,"column":16},"end":{"line":250,"column":7}},"77":{"start":{"line":253,"column":26},"end":{"line":267,"column":8}},"78":{"start":{"line":254,"column":25},"end":{"line":254,"column":27}},"79":{"start":{"line":255,"column":8},"end":{"line":260,"column":11}},"80":{"start":{"line":256,"column":10},"end":{"line":259,"column":13}},"81":{"start":{"line":263,"column":8},"end":{"line":263,"column":27}},"82":{"start":{"line":265,"column":8},"end":{"line":265,"column":61}},"83":{"start":{"line":266,"column":8},"end":{"line":266,"column":28}},"84":{"start":{"line":269,"column":6},"end":{"line":269,"column":25}},"85":{"start":{"line":271,"column":6},"end":{"line":271,"column":69}},"86":{"start":{"line":272,"column":6},"end":{"line":272,"column":75}},"87":{"start":{"line":283,"column":39},"end":{"line":318,"column":3}},"88":{"start":{"line":284,"column":4},"end":{"line":317,"column":5}},"89":{"start":{"line":286,"column":6},"end":{"line":288,"column":7}},"90":{"start":{"line":287,"column":8},"end":{"line":287,"column":72}},"91":{"start":{"line":291,"column":16},"end":{"line":294,"column":7}},"92":{"start":{"line":297,"column":26},"end":{"line":311,"column":8}},"93":{"start":{"line":298,"column":27},"end":{"line":298,"column":29}},"94":{"start":{"line":299,"column":8},"end":{"line":304,"column":11}},"95":{"start":{"line":300,"column":10},"end":{"line":303,"column":13}},"96":{"start":{"line":307,"column":8},"end":{"line":307,"column":29}},"97":{"start":{"line":309,"column":8},"end":{"line":309,"column":63}},"98":{"start":{"line":310,"column":8},"end":{"line":310,"column":28}},"99":{"start":{"line":313,"column":6},"end":{"line":313,"column":25}},"100":{"start":{"line":315,"column":6},"end":{"line":315,"column":70}},"101":{"start":{"line":316,"column":6},"end":{"line":316,"column":77}},"102":{"start":{"line":328,"column":47},"end":{"line":364,"column":3}},"103":{"start":{"line":329,"column":4},"end":{"line":363,"column":5}},"104":{"start":{"line":331,"column":6},"end":{"line":333,"column":7}},"105":{"start":{"line":332,"column":8},"end":{"line":332,"column":80}},"106":{"start":{"line":336,"column":16},"end":{"line":340,"column":7}},"107":{"start":{"line":343,"column":26},"end":{"line":357,"column":8}},"108":{"start":{"line":344,"column":25},"end":{"line":344,"column":27}},"109":{"start":{"line":345,"column":8},"end":{"line":350,"column":11}},"110":{"start":{"line":346,"column":10},"end":{"line":349,"column":13}},"111":{"start":{"line":353,"column":8},"end":{"line":353,"column":27}},"112":{"start":{"line":355,"column":8},"end":{"line":355,"column":70}},"113":{"start":{"line":356,"column":8},"end":{"line":356,"column":28}},"114":{"start":{"line":359,"column":6},"end":{"line":359,"column":25}},"115":{"start":{"line":361,"column":6},"end":{"line":361,"column":78}},"116":{"start":{"line":362,"column":6},"end":{"line":362,"column":84}}},"fnMap":{"0":{"name":"(anonymous_0)","decl":{"start":{"line":38,"column":28},"end":{"line":38,"column":29}},"loc":{"start":{"line":38,"column":59},"end":{"line":60,"column":3}},"line":38},"1":{"name":"(anonymous_1)","decl":{"start":{"line":62,"column":29},"end":{"line":62,"column":30}},"loc":{"start":{"line":62,"column":47},"end":{"line":75,"column":3}},"line":62},"2":{"name":"(anonymous_2)","decl":{"start":{"line":67,"column":28},"end":{"line":67,"column":29}},"loc":{"start":{"line":67,"column":37},"end":{"line":69,"column":7}},"line":67},"3":{"name":"(anonymous_3)","decl":{"start":{"line":85,"column":31},"end":{"line":85,"column":32}},"loc":{"start":{"line":85,"column":72},"end":{"line":105,"column":3}},"line":85},"4":{"name":"(anonymous_4)","decl":{"start":{"line":114,"column":31},"end":{"line":114,"column":32}},"loc":{"start":{"line":114,"column":60},"end":{"line":128,"column":3}},"line":114},"5":{"name":"(anonymous_5)","decl":{"start":{"line":140,"column":29},"end":{"line":140,"column":30}},"loc":{"start":{"line":140,"column":61},"end":{"line":162,"column":3}},"line":140},"6":{"name":"(anonymous_6)","decl":{"start":{"line":164,"column":31},"end":{"line":164,"column":32}},"loc":{"start":{"line":164,"column":49},"end":{"line":177,"column":3}},"line":164},"7":{"name":"(anonymous_7)","decl":{"start":{"line":169,"column":28},"end":{"line":169,"column":29}},"loc":{"start":{"line":169,"column":37},"end":{"line":171,"column":7}},"line":169},"8":{"name":"(anonymous_8)","decl":{"start":{"line":187,"column":32},"end":{"line":187,"column":33}},"loc":{"start":{"line":187,"column":74},"end":{"line":207,"column":3}},"line":187},"9":{"name":"(anonymous_9)","decl":{"start":{"line":216,"column":32},"end":{"line":216,"column":33}},"loc":{"start":{"line":216,"column":62},"end":{"line":230,"column":3}},"line":216},"10":{"name":"(anonymous_10)","decl":{"start":{"line":239,"column":37},"end":{"line":239,"column":38}},"loc":{"start":{"line":239,"column":59},"end":{"line":274,"column":3}},"line":239},"11":{"name":"(anonymous_11)","decl":{"start":{"line":253,"column":40},"end":{"line":253,"column":41}},"loc":{"start":{"line":253,"column":59},"end":{"line":264,"column":7}},"line":253},"12":{"name":"(anonymous_12)","decl":{"start":{"line":255,"column":30},"end":{"line":255,"column":31}},"loc":{"start":{"line":255,"column":39},"end":{"line":260,"column":9}},"line":255},"13":{"name":"(anonymous_13)","decl":{"start":{"line":264,"column":9},"end":{"line":264,"column":10}},"loc":{"start":{"line":264,"column":20},"end":{"line":267,"column":7}},"line":264},"14":{"name":"(anonymous_14)","decl":{"start":{"line":283,"column":39},"end":{"line":283,"column":40}},"loc":{"start":{"line":283,"column":61},"end":{"line":318,"column":3}},"line":283},"15":{"name":"(anonymous_15)","decl":{"start":{"line":297,"column":40},"end":{"line":297,"column":41}},"loc":{"start":{"line":297,"column":59},"end":{"line":308,"column":7}},"line":297},"16":{"name":"(anonymous_16)","decl":{"start":{"line":299,"column":30},"end":{"line":299,"column":31}},"loc":{"start":{"line":299,"column":39},"end":{"line":304,"column":9}},"line":299},"17":{"name":"(anonymous_17)","decl":{"start":{"line":308,"column":9},"end":{"line":308,"column":10}},"loc":{"start":{"line":308,"column":20},"end":{"line":311,"column":7}},"line":308},"18":{"name":"(anonymous_18)","decl":{"start":{"line":328,"column":47},"end":{"line":328,"column":48}},"loc":{"start":{"line":328,"column":79},"end":{"line":364,"column":3}},"line":328},"19":{"name":"(anonymous_19)","decl":{"start":{"line":343,"column":40},"end":{"line":343,"column":41}},"loc":{"start":{"line":343,"column":59},"end":{"line":354,"column":7}},"line":343},"20":{"name":"(anonymous_20)","decl":{"start":{"line":345,"column":30},"end":{"line":345,"column":31}},"loc":{"start":{"line":345,"column":39},"end":{"line":350,"column":9}},"line":345},"21":{"name":"(anonymous_21)","decl":{"start":{"line":354,"column":9},"end":{"line":354,"column":10}},"loc":{"start":{"line":354,"column":20},"end":{"line":357,"column":7}},"line":354}},"branchMap":{"0":{"loc":{"start":{"line":41,"column":6},"end":{"line":43,"column":7}},"type":"if","locations":[{"start":{"line":41,"column":6},"end":{"line":43,"column":7}},{"start":{},"end":{}}],"line":41},"1":{"loc":{"start":{"line":41,"column":10},"end":{"line":41,"column":108}},"type":"binary-expr","locations":[{"start":{"line":41,"column":10},"end":{"line":41,"column":17}},{"start":{"line":41,"column":21},"end":{"line":41,"column":39}},{"start":{"line":41,"column":43},"end":{"line":41,"column":62}},{"start":{"line":41,"column":66},"end":{"line":41,"column":87}},{"start":{"line":41,"column":91},"end":{"line":41,"column":108}}],"line":41},"2":{"loc":{"start":{"line":88,"column":6},"end":{"line":90,"column":7}},"type":"if","locations":[{"start":{"line":88,"column":6},"end":{"line":90,"column":7}},{"start":{},"end":{}}],"line":88},"3":{"loc":{"start":{"line":88,"column":10},"end":{"line":88,"column":31}},"type":"binary-expr","locations":[{"start":{"line":88,"column":10},"end":{"line":88,"column":17}},{"start":{"line":88,"column":21},"end":{"line":88,"column":31}}],"line":88},"4":{"loc":{"start":{"line":117,"column":6},"end":{"line":119,"column":7}},"type":"if","locations":[{"start":{"line":117,"column":6},"end":{"line":119,"column":7}},{"start":{},"end":{}}],"line":117},"5":{"loc":{"start":{"line":117,"column":10},"end":{"line":117,"column":31}},"type":"binary-expr","locations":[{"start":{"line":117,"column":10},"end":{"line":117,"column":17}},{"start":{"line":117,"column":21},"end":{"line":117,"column":31}}],"line":117},"6":{"loc":{"start":{"line":143,"column":6},"end":{"line":145,"column":7}},"type":"if","locations":[{"start":{"line":143,"column":6},"end":{"line":145,"column":7}},{"start":{},"end":{}}],"line":143},"7":{"loc":{"start":{"line":143,"column":10},"end":{"line":143,"column":39}},"type":"binary-expr","locations":[{"start":{"line":143,"column":10},"end":{"line":143,"column":17}},{"start":{"line":143,"column":21},"end":{"line":143,"column":39}}],"line":143},"8":{"loc":{"start":{"line":190,"column":6},"end":{"line":192,"column":7}},"type":"if","locations":[{"start":{"line":190,"column":6},"end":{"line":192,"column":7}},{"start":{},"end":{}}],"line":190},"9":{"loc":{"start":{"line":190,"column":10},"end":{"line":190,"column":32}},"type":"binary-expr","locations":[{"start":{"line":190,"column":10},"end":{"line":190,"column":17}},{"start":{"line":190,"column":21},"end":{"line":190,"column":32}}],"line":190},"10":{"loc":{"start":{"line":219,"column":6},"end":{"line":221,"column":7}},"type":"if","locations":[{"start":{"line":219,"column":6},"end":{"line":221,"column":7}},{"start":{},"end":{}}],"line":219},"11":{"loc":{"start":{"line":219,"column":10},"end":{"line":219,"column":32}},"type":"binary-expr","locations":[{"start":{"line":219,"column":10},"end":{"line":219,"column":17}},{"start":{"line":219,"column":21},"end":{"line":219,"column":32}}],"line":219},"12":{"loc":{"start":{"line":242,"column":6},"end":{"line":244,"column":7}},"type":"if","locations":[{"start":{"line":242,"column":6},"end":{"line":244,"column":7}},{"start":{},"end":{}}],"line":242},"13":{"loc":{"start":{"line":242,"column":10},"end":{"line":242,"column":51}},"type":"binary-expr","locations":[{"start":{"line":242,"column":10},"end":{"line":242,"column":17}},{"start":{"line":242,"column":21},"end":{"line":242,"column":51}}],"line":242},"14":{"loc":{"start":{"line":286,"column":6},"end":{"line":288,"column":7}},"type":"if","locations":[{"start":{"line":286,"column":6},"end":{"line":288,"column":7}},{"start":{},"end":{}}],"line":286},"15":{"loc":{"start":{"line":286,"column":10},"end":{"line":286,"column":51}},"type":"binary-expr","locations":[{"start":{"line":286,"column":10},"end":{"line":286,"column":17}},{"start":{"line":286,"column":21},"end":{"line":286,"column":51}}],"line":286},"16":{"loc":{"start":{"line":331,"column":6},"end":{"line":333,"column":7}},"type":"if","locations":[{"start":{"line":331,"column":6},"end":{"line":333,"column":7}},{"start":{},"end":{}}],"line":331},"17":{"loc":{"start":{"line":331,"column":10},"end":{"line":331,"column":64}},"type":"binary-expr","locations":[{"start":{"line":331,"column":10},"end":{"line":331,"column":17}},{"start":{"line":331,"column":21},"end":{"line":331,"column":30}},{"start":{"line":331,"column":34},"end":{"line":331,"column":64}}],"line":331}},"s":{"0":1,"1":2,"2":2,"3":1,"4":1,"5":1,"6":1,"7":1,"8":1,"9":1,"10":2,"11":2,"12":2,"13":1,"14":1,"15":1,"16":1,"17":1,"18":1,"19":1,"20":2,"21":2,"22":1,"23":1,"24":1,"25":1,"26":1,"27":1,"28":1,"29":2,"30":2,"31":1,"32":1,"33":1,"34":1,"35":1,"36":1,"37":2,"38":2,"39":1,"40":1,"41":1,"42":1,"43":1,"44":1,"45":1,"46":2,"47":2,"48":2,"49":1,"50":1,"51":1,"52":1,"53":1,"54":1,"55":1,"56":2,"57":2,"58":1,"59":1,"60":1,"61":1,"62":1,"63":1,"64":1,"65":2,"66":2,"67":1,"68":1,"69":1,"70":1,"71":1,"72":1,"73":3,"74":3,"75":1,"76":2,"77":2,"78":1,"79":1,"80":1,"81":1,"82":1,"83":1,"84":2,"85":1,"86":1,"87":1,"88":3,"89":3,"90":1,"91":2,"92":2,"93":1,"94":1,"95":1,"96":1,"97":1,"98":1,"99":2,"100":1,"101":1,"102":1,"103":3,"104":3,"105":1,"106":2,"107":2,"108":1,"109":1,"110":1,"111":1,"112":1,"113":1,"114":2,"115":1,"116":1},"f":{"0":2,"1":2,"2":1,"3":2,"4":2,"5":2,"6":2,"7":1,"8":2,"9":2,"10":3,"11":1,"12":1,"13":1,"14":3,"15":1,"16":1,"17":1,"18":3,"19":1,"20":1,"21":1},"b":{"0":[1,1],"1":[2,2,1,1,1],"2":[1,1],"3":[2,1],"4":[1,1],"5":[2,1],"6":[1,1],"7":[2,2],"8":[1,1],"9":[2,1],"10":[1,1],"11":[2,1],"12":[1,2],"13":[3,2],"14":[1,2],"15":[3,3],"16":[1,2],"17":[3,2,2]},"_coverageSchema":"1a1c01bbd47fc00a2c39e90264f33305004495a9","hash":"4d5c567ede92771f3684eb09ded22cce55949d90"}
}
