TN:
SF:src/App.js
FN:32,App
FNF:1
FNH:1
FNDA:5,App
DA:33,5
LF:1
LH:1
BRF:0
BRH:0
end_of_record
TN:
SF:src/firebaseConfig.js
FNF:0
FNH:0
DA:20,1
DA:30,1
DA:34,1
DA:38,1
LF:4
LH:4
BRF:0
BRH:0
end_of_record
TN:
SF:src/index.js
FNF:0
FNH:0
DA:7,2
DA:8,2
DA:17,2
LF:3
LH:3
BRF:0
BRH:0
end_of_record
TN:
SF:src/reportWebVitals.js
FN:1,(anonymous_0)
FN:3,(anonymous_1)
FN:5,(anonymous_2)
FNF:3
FNH:3
FNDA:2,(anonymous_0)
FNDA:3,(anonymous_1)
FNDA:2,(anonymous_2)
DA:1,4
DA:3,4
DA:4,3
DA:5,2
DA:6,2
DA:7,2
DA:8,2
DA:9,2
DA:10,2
DA:13,1
LF:10
LH:10
BRDA:3,0,0,1
BRDA:4,1,0,2
BRDA:4,1,1,1
BRF:3
BRH:3
end_of_record
TN:
SF:src/testFirebase.jsx
FN:11,TestFirebase
FN:16,(anonymous_1)
FN:36,(anonymous_2)
FN:67,(anonymous_3)
FNF:4
FNH:4
FNDA:23,TestFirebase
FNDA:4,(anonymous_1)
FNDA:3,(anonymous_2)
FNDA:1,(anonymous_3)
DA:12,23
DA:13,23
DA:14,23
DA:16,23
DA:17,4
DA:18,4
DA:19,4
DA:20,2
DA:22,2
DA:23,2
DA:24,2
DA:26,2
DA:27,2
DA:28,2
DA:29,2
DA:31,2
DA:32,2
DA:36,23
DA:38,3
DA:39,3
DA:41,3
DA:42,3
DA:44,3
DA:45,3
DA:47,2
DA:48,1
DA:49,1
DA:51,2
DA:53,2
DA:54,2
DA:55,2
DA:57,2
DA:58,2
DA:59,2
DA:60,2
DA:62,1
DA:63,1
DA:67,23
DA:68,1
DA:69,1
DA:70,1
DA:71,1
DA:74,23
LF:43
LH:43
BRDA:28,0,0,1
BRDA:28,0,1,1
BRDA:32,1,0,2
BRDA:32,1,1,1
BRDA:47,2,0,1
BRDA:47,2,1,1
BRDA:59,3,0,1
BRDA:59,3,1,1
BRDA:63,4,0,1
BRDA:63,4,1,1
BRDA:83,5,0,23
BRDA:83,5,1,4
BRDA:84,6,0,23
BRDA:84,6,1,2
BRF:14
BRH:14
end_of_record
TN:
SF:src/components/Auth/Login.jsx
FN:25,Login
FN:41,(anonymous_1)
FN:62,handleSubmit
FN:115,(anonymous_3)
FN:171,(anonymous_4)
FN:191,(anonymous_5)
FNF:6
FNH:6
FNDA:102,Login
FNDA:27,(anonymous_1)
FNDA:20,handleSubmit
FNDA:1,(anonymous_3)
FNDA:19,(anonymous_4)
FNDA:19,(anonymous_5)
DA:27,102
DA:28,101
DA:29,101
DA:30,101
DA:31,101
DA:34,101
DA:37,101
DA:38,101
DA:41,101
DA:42,27
DA:43,1
DA:45,1
DA:63,20
DA:65,20
DA:67,20
DA:70,20
DA:73,20
DA:76,7
DA:79,11
DA:81,4
DA:82,4
DA:84,2
DA:85,2
DA:87,2
DA:88,2
DA:90,3
DA:94,18
DA:98,101
DA:115,1
DA:171,19
DA:191,19
LF:31
LH:31
BRDA:42,0,0,1
BRDA:42,0,1,26
BRDA:79,1,0,4
BRDA:79,1,1,2
BRDA:79,1,2,2
BRDA:79,1,3,3
BRDA:130,2,0,101
BRDA:130,2,1,11
BRDA:141,3,0,101
BRDA:141,3,1,1
BRDA:205,4,0,20
BRDA:205,4,1,81
BRF:12
BRH:12
end_of_record
TN:
SF:src/components/Auth/Signup.jsx
FN:26,Signup
FN:37,(anonymous_1)
FN:51,(anonymous_2)
FN:85,handleSubmit
FN:152,(anonymous_4)
FN:187,(anonymous_5)
FN:202,(anonymous_6)
FN:208,(anonymous_7)
FN:208,(anonymous_8)
FN:213,(anonymous_9)
FN:213,(anonymous_10)
FN:228,(anonymous_11)
FN:234,(anonymous_12)
FN:234,(anonymous_13)
FN:239,(anonymous_14)
FN:239,(anonymous_15)
FNF:16
FNH:16
FNDA:147,Signup
FNDA:8,(anonymous_1)
FNDA:24,(anonymous_2)
FNDA:24,handleSubmit
FNDA:1,(anonymous_4)
FNDA:20,(anonymous_5)
FNDA:24,(anonymous_6)
FNDA:2,(anonymous_7)
FNDA:2,(anonymous_8)
FNDA:4,(anonymous_9)
FNDA:3,(anonymous_10)
FNDA:24,(anonymous_11)
FNDA:2,(anonymous_12)
FNDA:2,(anonymous_13)
FNDA:4,(anonymous_14)
FNDA:3,(anonymous_15)
DA:28,147
DA:29,147
DA:30,147
DA:31,147
DA:32,147
DA:33,147
DA:34,147
DA:35,147
DA:36,147
DA:37,147
DA:51,147
DA:52,24
DA:53,24
DA:54,24
DA:55,24
DA:57,24
DA:58,2
DA:60,22
DA:61,2
DA:63,20
DA:64,2
DA:66,18
DA:67,2
DA:70,16
DA:86,24
DA:89,24
DA:92,24
DA:93,24
DA:94,8
DA:95,8
DA:99,16
DA:100,2
DA:101,2
DA:104,14
DA:106,14
DA:109,14
DA:112,5
DA:115,7
DA:117,3
DA:118,3
DA:120,1
DA:121,1
DA:123,2
DA:124,2
DA:126,1
DA:127,1
DA:131,12
DA:135,147
DA:152,1
DA:187,20
DA:202,24
DA:208,2
DA:213,4
DA:228,24
DA:234,2
DA:239,4
LF:56
LH:56
BRDA:37,0,0,8
BRDA:37,0,1,6
BRDA:37,0,2,4
BRDA:57,1,0,2
BRDA:57,1,1,22
BRDA:60,2,0,2
BRDA:60,2,1,20
BRDA:63,3,0,2
BRDA:63,3,1,18
BRDA:66,4,0,2
BRDA:66,4,1,16
BRDA:93,5,0,8
BRDA:93,5,1,16
BRDA:99,6,0,2
BRDA:99,6,1,14
BRDA:115,7,0,3
BRDA:115,7,1,1
BRDA:115,7,2,2
BRDA:115,7,3,1
BRDA:167,8,0,147
BRDA:167,8,1,25
BRDA:199,9,0,4
BRDA:199,9,1,143
BRDA:211,10,0,4
BRDA:211,10,1,143
BRDA:213,11,0,3
BRDA:213,11,1,1
BRDA:215,12,0,4
BRDA:215,12,1,143
BRDA:225,13,0,4
BRDA:225,13,1,143
BRDA:237,14,0,4
BRDA:237,14,1,143
BRDA:239,15,0,3
BRDA:239,15,1,1
BRDA:241,16,0,4
BRDA:241,16,1,143
BRDA:253,17,0,14
BRDA:253,17,1,133
BRF:39
BRH:39
end_of_record
TN:
SF:src/components/Charts/BarChart.jsx
FN:14,BarChart
FNF:1
FNH:1
FNDA:98,BarChart
DA:5,2
DA:15,98
DA:45,98
LF:3
LH:3
BRF:0
BRH:0
end_of_record
TN:
SF:src/components/Charts/LineChart.jsx
FN:39,LineChart
FN:70,(anonymous_1)
FNF:2
FNH:2
FNDA:106,LineChart
FNDA:9,(anonymous_1)
DA:9,2
DA:41,106
DA:72,9
DA:79,106
LF:4
LH:4
BRF:0
BRH:0
end_of_record
TN:
SF:src/components/Charts/PieChart.jsx
FN:31,PieChart
FNF:1
FNH:1
FNDA:193,PieChart
DA:9,3
DA:33,193
DA:48,193
LF:3
LH:3
BRF:0
BRH:0
end_of_record
TN:
SF:src/components/Dashboard/DashboardOverview.jsx
FN:8,DashboardOverview
FN:20,(anonymous_1)
FN:28,(anonymous_2)
FN:30,(anonymous_3)
FN:35,(anonymous_4)
FN:49,(anonymous_5)
FN:56,(anonymous_6)
FN:60,(anonymous_7)
FN:66,(anonymous_8)
FN:72,(anonymous_9)
FN:78,(anonymous_10)
FN:84,(anonymous_11)
FN:171,(anonymous_12)
FNF:13
FNH:13
FNDA:28,DashboardOverview
FNDA:18,(anonymous_1)
FNDA:17,(anonymous_2)
FNDA:34,(anonymous_3)
FNDA:23,(anonymous_4)
FNDA:17,(anonymous_5)
FNDA:28,(anonymous_6)
FNDA:28,(anonymous_7)
FNDA:3,(anonymous_8)
FNDA:28,(anonymous_9)
FNDA:16,(anonymous_10)
FNDA:27,(anonymous_11)
FNDA:27,(anonymous_12)
DA:10,28
DA:11,28
DA:14,28
DA:20,28
DA:21,18
DA:23,17
DA:28,17
DA:29,17
DA:30,17
DA:31,34
DA:35,17
DA:36,23
DA:37,22
DA:39,1
DA:42,17
DA:44,17
DA:49,17
DA:50,17
DA:56,28
DA:59,28
DA:61,28
DA:62,28
DA:63,28
DA:66,3
DA:69,28
DA:72,28
DA:73,28
DA:74,28
DA:77,28
DA:78,16
DA:82,28
DA:84,28
DA:85,27
DA:86,26
DA:87,26
DA:91,26
DA:94,28
DA:172,27
LF:38
LH:38
BRDA:21,0,0,17
BRDA:21,0,1,1
BRDA:36,1,0,22
BRDA:36,1,1,1
BRDA:36,2,0,23
BRDA:36,2,1,23
BRDA:63,3,0,28
BRDA:63,3,1,3
BRDA:69,4,0,10
BRDA:69,4,1,18
BRDA:73,5,0,28
BRDA:73,5,1,25
BRDA:77,6,0,10
BRDA:77,6,1,18
BRDA:85,7,0,1
BRDA:85,7,1,26
BRDA:99,8,0,18
BRDA:99,8,1,10
BRDA:101,9,0,18
BRDA:101,9,1,10
BRDA:169,10,0,10
BRDA:169,10,1,18
BRF:22
BRH:22
end_of_record
TN:
SF:src/components/Expense/ExpenseForm.jsx
FN:8,ExpenseForm
FN:41,(anonymous_1)
FN:45,(anonymous_2)
FN:51,(anonymous_3)
FN:53,(anonymous_4)
FN:64,(anonymous_5)
FN:79,(anonymous_6)
FN:79,(anonymous_7)
FN:85,(anonymous_8)
FN:93,(anonymous_9)
FN:102,(anonymous_10)
FN:104,(anonymous_11)
FN:133,(anonymous_12)
FN:162,(anonymous_13)
FN:221,(anonymous_14)
FN:239,(anonymous_15)
FN:267,(anonymous_16)
FN:284,(anonymous_17)
FN:299,(anonymous_18)
FN:302,(anonymous_19)
FN:318,(anonymous_20)
FNF:21
FNH:21
FNDA:94,ExpenseForm
FNDA:22,(anonymous_1)
FNDA:1,(anonymous_2)
FNDA:18,(anonymous_3)
FNDA:18,(anonymous_4)
FNDA:21,(anonymous_5)
FNDA:68,(anonymous_6)
FNDA:408,(anonymous_7)
FNDA:49,(anonymous_8)
FNDA:22,(anonymous_9)
FNDA:22,(anonymous_10)
FNDA:7,(anonymous_11)
FNDA:12,(anonymous_12)
FNDA:12,(anonymous_13)
FNDA:11,(anonymous_14)
FNDA:3,(anonymous_15)
FNDA:11,(anonymous_16)
FNDA:10,(anonymous_17)
FNDA:2,(anonymous_18)
FNDA:632,(anonymous_19)
FNDA:8,(anonymous_20)
DA:16,94
DA:17,94
DA:18,94
DA:19,94
DA:20,94
DA:21,94
DA:22,94
DA:25,94
DA:28,94
DA:38,94
DA:41,94
DA:42,22
DA:45,21
DA:47,21
DA:48,21
DA:51,20
DA:52,18
DA:53,18
DA:54,18
DA:56,18
DA:60,1
DA:64,21
DA:65,21
DA:67,21
DA:68,20
DA:71,1
DA:77,94
DA:79,408
DA:85,94
DA:86,49
DA:87,16
DA:88,16
DA:93,94
DA:94,22
DA:95,6
DA:96,6
DA:97,6
DA:98,6
DA:102,94
DA:104,94
DA:105,7
DA:106,2
DA:107,2
DA:108,2
DA:109,2
DA:111,5
DA:112,5
DA:113,5
DA:114,5
DA:116,7
DA:117,3
DA:118,3
DA:133,94
DA:135,12
DA:136,12
DA:137,1
DA:141,11
DA:142,1
DA:146,10
DA:147,1
DA:151,9
DA:152,9
DA:153,9
DA:155,9
DA:156,1
DA:159,8
DA:162,94
DA:163,12
DA:166,12
DA:167,12
DA:170,12
DA:171,12
DA:172,4
DA:173,4
DA:174,4
DA:177,8
DA:179,8
DA:181,8
DA:183,3
DA:192,5
DA:199,5
DA:201,4
DA:202,4
DA:204,4
DA:205,3
DA:208,4
DA:213,1
DA:214,1
DA:217,8
DA:221,94
DA:223,11
DA:226,11
DA:227,11
DA:228,1
DA:232,10
DA:233,1
DA:236,9
DA:239,94
DA:242,3
DA:243,3
DA:244,2
DA:248,94
DA:267,11
DA:284,10
DA:299,2
DA:303,632
DA:318,8
LF:107
LH:107
BRDA:12,0,0,66
BRDA:13,1,0,66
BRDA:16,2,0,28
BRDA:16,2,1,66
BRDA:17,3,0,28
BRDA:17,3,1,66
BRDA:18,4,0,28
BRDA:18,4,1,66
BRDA:19,5,0,28
BRDA:19,5,1,66
BRDA:42,6,0,1
BRDA:42,6,1,21
BRDA:67,7,0,20
BRDA:67,7,1,1
BRDA:86,8,0,16
BRDA:86,8,1,33
BRDA:86,9,0,49
BRDA:86,9,1,42
BRDA:94,10,0,6
BRDA:94,10,1,16
BRDA:102,11,0,6
BRDA:102,11,1,16
BRDA:104,12,0,3
BRDA:104,13,0,3
BRDA:105,14,0,2
BRDA:105,14,1,5
BRDA:106,15,0,2
BRDA:106,15,1,1
BRDA:107,16,0,2
BRDA:107,16,1,1
BRDA:108,17,0,2
BRDA:108,17,1,1
BRDA:109,18,0,2
BRDA:109,18,1,1
BRDA:116,19,0,3
BRDA:116,19,1,4
BRDA:136,20,0,1
BRDA:136,20,1,11
BRDA:136,21,0,12
BRDA:136,21,1,11
BRDA:141,22,0,1
BRDA:141,22,1,10
BRDA:146,23,0,1
BRDA:146,23,1,9
BRDA:155,24,0,1
BRDA:155,24,1,8
BRDA:171,25,0,4
BRDA:171,25,1,8
BRDA:181,26,0,3
BRDA:181,26,1,5
BRDA:181,27,0,8
BRDA:181,27,1,3
BRDA:183,28,0,2
BRDA:183,28,1,1
BRDA:204,29,0,3
BRDA:204,29,1,1
BRDA:227,30,0,1
BRDA:227,30,1,10
BRDA:232,31,0,1
BRDA:232,31,1,9
BRDA:232,32,0,10
BRDA:232,32,1,3
BRDA:243,33,0,2
BRDA:243,33,1,1
BRDA:251,34,0,94
BRDA:251,34,1,9
BRDA:252,35,0,3
BRDA:252,35,1,6
BRDA:303,36,0,632
BRDA:303,36,1,1
BRDA:339,37,0,7
BRDA:339,37,1,87
BRDA:339,38,0,2
BRDA:339,38,1,5
BRF:74
BRH:74
end_of_record
TN:
SF:src/components/Expense/ExpenseList.jsx
FN:28,ExpenseList
FN:58,(anonymous_1)
FN:81,(anonymous_2)
FN:97,(anonymous_3)
FN:103,(anonymous_4)
FN:108,(anonymous_5)
FN:144,(anonymous_6)
FN:158,(anonymous_7)
FN:164,(anonymous_8)
FN:179,(anonymous_9)
FN:190,(anonymous_10)
FN:206,(anonymous_11)
FN:229,(anonymous_12)
FN:231,(anonymous_13)
FN:244,(anonymous_14)
FN:258,(anonymous_15)
FN:296,(anonymous_16)
FN:327,(anonymous_17)
FNF:18
FNH:18
FNDA:37,ExpenseList
FNDA:10,(anonymous_1)
FNDA:11,(anonymous_2)
FNDA:37,(anonymous_3)
FNDA:8,(anonymous_4)
FNDA:20,(anonymous_5)
FNDA:3,(anonymous_6)
FNDA:2,(anonymous_7)
FNDA:2,(anonymous_8)
FNDA:1,(anonymous_9)
FNDA:44,(anonymous_10)
FNDA:47,(anonymous_11)
FNDA:2,(anonymous_12)
FNDA:333,(anonymous_13)
FNDA:5,(anonymous_14)
FNDA:4,(anonymous_15)
FNDA:44,(anonymous_16)
FNDA:3,(anonymous_17)
DA:30,37
DA:31,37
DA:32,37
DA:33,37
DA:34,37
DA:35,37
DA:36,37
DA:37,37
DA:40,37
DA:43,37
DA:58,37
DA:59,10
DA:60,10
DA:61,10
DA:64,10
DA:65,9
DA:67,1
DA:69,10
DA:81,37
DA:82,11
DA:83,10
DA:97,37
DA:98,37
DA:101,37
DA:102,4
DA:103,8
DA:108,37
DA:109,20
DA:111,20
DA:113,13
DA:114,13
DA:116,2
DA:117,2
DA:119,2
DA:120,2
DA:122,2
DA:123,2
DA:125,1
DA:129,20
DA:132,37
DA:144,37
DA:145,3
DA:146,3
DA:158,37
DA:159,2
DA:161,2
DA:164,2
DA:167,1
DA:168,1
DA:170,1
DA:171,1
DA:172,1
DA:179,37
DA:180,1
DA:181,1
DA:190,37
DA:191,44
DA:192,43
DA:193,43
DA:197,43
DA:206,37
DA:207,47
DA:214,37
DA:216,37
DA:229,2
DA:232,333
DA:244,5
DA:258,4
DA:297,44
DA:327,3
LF:70
LH:70
BRDA:82,0,0,10
BRDA:82,0,1,1
BRDA:101,1,0,4
BRDA:101,1,1,33
BRDA:111,2,0,13
BRDA:111,2,1,2
BRDA:111,2,2,2
BRDA:111,2,3,2
BRDA:111,2,4,1
BRDA:129,3,0,4
BRDA:129,3,1,16
BRDA:191,4,0,1
BRDA:191,4,1,43
BRDA:258,5,0,1
BRDA:258,5,1,3
BRDA:260,6,0,5
BRDA:260,6,1,32
BRDA:267,7,0,37
BRDA:267,7,1,2
BRDA:270,8,0,37
BRDA:270,8,1,11
BRDA:278,9,0,37
BRDA:278,9,1,26
BRDA:281,10,0,2
BRDA:281,10,1,24
BRDA:290,11,0,2
BRDA:290,11,1,1
BRDA:340,12,0,37
BRDA:340,12,1,3
BRF:29
BRH:29
end_of_record
TN:
SF:src/components/Layout/Navbar.jsx
FN:5,Navbar
FN:9,(anonymous_1)
FN:18,(anonymous_2)
FN:27,(anonymous_3)
FN:38,(anonymous_4)
FN:38,(anonymous_5)
FNF:6
FNH:6
FNDA:8,Navbar
FNDA:8,(anonymous_1)
FNDA:8,(anonymous_2)
FNDA:2,(anonymous_3)
FNDA:1,(anonymous_4)
FNDA:2,(anonymous_5)
DA:6,8
DA:7,8
DA:9,8
DA:10,8
DA:11,8
DA:12,4
DA:13,3
DA:14,2
DA:15,1
DA:18,8
DA:19,8
DA:20,8
DA:21,4
DA:22,3
DA:23,2
DA:24,1
DA:27,8
DA:28,2
DA:29,1
DA:33,8
DA:38,2
LF:21
LH:21
BRDA:11,0,0,4
BRDA:11,0,1,4
BRDA:12,1,0,1
BRDA:12,1,1,3
BRDA:13,2,0,1
BRDA:13,2,1,2
BRDA:14,3,0,1
BRDA:14,3,1,1
BRDA:20,4,0,4
BRDA:20,4,1,4
BRDA:21,5,0,1
BRDA:21,5,1,3
BRDA:22,6,0,1
BRDA:22,6,1,2
BRDA:23,7,0,1
BRDA:23,7,1,1
BRDA:28,8,0,1
BRDA:28,8,1,1
BRDA:52,9,0,8
BRDA:52,9,1,7
BRF:20
BRH:20
end_of_record
TN:
SF:src/components/Layout/Navigation.jsx
FN:27,Navigation
FN:49,(anonymous_1)
FN:67,(anonymous_2)
FN:86,(anonymous_3)
FN:97,(anonymous_4)
FN:107,(anonymous_5)
FNF:6
FNH:6
FNDA:9,Navigation
FNDA:2,(anonymous_1)
FNDA:3,(anonymous_2)
FNDA:1,(anonymous_3)
FNDA:52,(anonymous_4)
FNDA:52,(anonymous_5)
DA:29,9
DA:32,9
DA:35,9
DA:38,9
DA:49,9
DA:50,2
DA:51,2
DA:52,1
DA:54,1
DA:56,2
DA:67,9
DA:68,3
DA:69,3
DA:72,3
DA:73,2
DA:75,1
DA:86,9
DA:87,1
DA:88,1
DA:97,9
DA:98,52
DA:107,9
DA:108,52
DA:111,9
LF:24
LH:24
BRDA:72,0,0,2
BRDA:72,0,1,1
BRDA:108,1,0,18
BRDA:108,1,1,34
BRDA:128,2,0,8
BRDA:128,2,1,1
BRDA:193,3,0,2
BRDA:193,3,1,7
BRDA:203,4,0,2
BRDA:203,4,1,7
BRDA:206,5,0,2
BRDA:206,5,1,7
BRDA:207,6,0,2
BRDA:207,6,1,7
BRDA:211,7,0,8
BRDA:211,7,1,1
BRF:16
BRH:16
end_of_record
TN:
SF:src/components/Layout/PrivateRoute.jsx
FN:31,PrivateRoute
FNF:1
FNH:1
FNDA:4,PrivateRoute
DA:33,4
DA:36,4
DA:44,4
DA:45,1
DA:64,3
DA:65,2
DA:80,1
LF:7
LH:7
BRDA:31,0,0,1
BRDA:44,1,0,1
BRDA:44,1,1,3
BRDA:64,2,0,2
BRDA:64,2,1,1
BRF:5
BRH:5
end_of_record
TN:
SF:src/components/Layout/Sidebar.jsx
FN:6,(anonymous_0)
FN:31,(anonymous_1)
FN:39,(anonymous_2)
FN:52,(anonymous_3)
FN:57,(anonymous_4)
FN:58,(anonymous_5)
FN:63,(anonymous_6)
FNF:7
FNH:7
FNDA:8,(anonymous_0)
FNDA:1,(anonymous_1)
FNDA:1,(anonymous_2)
FNDA:32,(anonymous_3)
FNDA:40,(anonymous_4)
FNDA:2,(anonymous_5)
FNDA:1,(anonymous_6)
DA:6,1
DA:7,8
DA:9,8
DA:16,8
DA:31,1
DA:40,1
DA:41,1
DA:53,32
DA:57,40
DA:60,2
DA:62,2
DA:63,1
DA:96,1
LF:13
LH:13
BRDA:19,0,0,6
BRDA:19,0,1,2
BRDA:19,1,0,1
BRDA:19,1,1,7
BRDA:19,2,0,3
BRDA:19,2,1,5
BRDA:28,3,0,3
BRDA:28,3,1,5
BRDA:44,4,0,4
BRDA:44,4,1,1
BRDA:46,5,0,4
BRDA:46,5,1,1
BRDA:57,6,0,10
BRDA:57,6,1,30
BRDA:62,7,0,1
BRDA:62,7,1,1
BRDA:74,8,0,8
BRDA:74,8,1,8
BRF:18
BRH:18
end_of_record
TN:
SF:src/components/UI/Modal.jsx
FN:3,Modal
FN:14,(anonymous_1)
FNF:2
FNH:2
FNDA:6,Modal
FNDA:2,(anonymous_1)
DA:4,6
DA:5,5
DA:7,5
DA:14,2
LF:4
LH:4
BRDA:4,0,0,1
BRDA:4,0,1,5
BRDA:5,1,0,5
BRDA:5,1,1,3
BRDA:5,1,2,1
BRDA:16,2,0,5
BRDA:16,2,1,2
BRF:7
BRH:7
end_of_record
TN:
SF:src/components/UI/Toast.jsx
FN:31,Toast
FN:47,(anonymous_1)
FN:49,(anonymous_2)
FN:54,(anonymous_3)
FN:64,(anonymous_4)
FN:84,(anonymous_5)
FN:118,(anonymous_6)
FNF:7
FNH:7
FNDA:6,Toast
FNDA:6,(anonymous_1)
FNDA:2,(anonymous_2)
FNDA:2,(anonymous_3)
FNDA:5,(anonymous_4)
FNDA:5,(anonymous_5)
FNDA:1,(anonymous_6)
DA:47,6
DA:48,6
DA:49,2
DA:50,2
DA:54,2
DA:64,6
DA:65,5
DA:67,1
DA:69,1
DA:71,1
DA:74,2
DA:84,6
DA:85,5
DA:88,6
DA:119,1
DA:120,1
LF:16
LH:16
BRDA:33,0,0,1
BRDA:36,1,0,1
BRDA:48,2,0,2
BRDA:48,2,1,4
BRDA:48,3,0,6
BRDA:48,3,1,5
BRDA:65,4,0,1
BRDA:65,4,1,1
BRDA:65,4,2,1
BRDA:65,4,3,2
BRDA:65,4,4,2
BRDA:90,5,0,6
BRDA:90,5,1,5
BRF:13
BRH:13
end_of_record
TN:
SF:src/context/AuthContext.js
FN:22,AuthProvider
FN:29,signup
FN:33,login
FN:37,logout
FN:41,resetPassword
FN:45,updatePassword
FN:56,(anonymous_6)
FN:58,(anonymous_7)
FN:85,useAuth
FNF:9
FNH:9
FNDA:303,AuthProvider
FNDA:14,signup
FNDA:20,login
FNDA:1,logout
FNDA:1,resetPassword
FNDA:1,updatePassword
FNDA:151,(anonymous_6)
FNDA:151,(anonymous_7)
FNDA:488,useAuth
DA:20,7
DA:24,303
DA:27,303
DA:30,14
DA:34,20
DA:38,1
DA:42,1
DA:46,1
DA:56,303
DA:58,151
DA:59,151
DA:60,151
DA:64,151
DA:68,303
DA:77,303
DA:86,488
LF:16
LH:16
BRDA:80,0,0,303
BRDA:80,0,1,152
BRF:2
BRH:2
end_of_record
TN:
SF:src/pages/Landing.jsx
FN:5,Landing
FNF:1
FNH:1
FNDA:2,Landing
DA:6,2
LF:1
LH:1
BRF:0
BRH:0
end_of_record
TN:
SF:src/pages/PrivateRoute.jsx
FN:20,PrivateRoute
FNF:1
FNH:1
FNDA:2,PrivateRoute
DA:22,2
DA:26,2
LF:2
LH:2
BRDA:26,0,0,1
BRDA:26,0,1,1
BRF:2
BRH:2
end_of_record
TN:
SF:src/services/database.js
FN:38,(anonymous_0)
FN:62,(anonymous_1)
FN:67,(anonymous_2)
FN:85,(anonymous_3)
FN:114,(anonymous_4)
FN:140,(anonymous_5)
FN:164,(anonymous_6)
FN:169,(anonymous_7)
FN:187,(anonymous_8)
FN:216,(anonymous_9)
FN:239,(anonymous_10)
FN:253,(anonymous_11)
FN:255,(anonymous_12)
FN:264,(anonymous_13)
FN:283,(anonymous_14)
FN:297,(anonymous_15)
FN:299,(anonymous_16)
FN:308,(anonymous_17)
FN:328,(anonymous_18)
FN:343,(anonymous_19)
FN:345,(anonymous_20)
FN:354,(anonymous_21)
FNF:22
FNH:22
FNDA:2,(anonymous_0)
FNDA:2,(anonymous_1)
FNDA:1,(anonymous_2)
FNDA:2,(anonymous_3)
FNDA:2,(anonymous_4)
FNDA:2,(anonymous_5)
FNDA:2,(anonymous_6)
FNDA:1,(anonymous_7)
FNDA:2,(anonymous_8)
FNDA:2,(anonymous_9)
FNDA:3,(anonymous_10)
FNDA:1,(anonymous_11)
FNDA:1,(anonymous_12)
FNDA:1,(anonymous_13)
FNDA:3,(anonymous_14)
FNDA:1,(anonymous_15)
FNDA:1,(anonymous_16)
FNDA:1,(anonymous_17)
FNDA:3,(anonymous_18)
FNDA:1,(anonymous_19)
FNDA:1,(anonymous_20)
FNDA:1,(anonymous_21)
DA:38,1
DA:39,2
DA:41,2
DA:42,1
DA:46,1
DA:54,1
DA:55,1
DA:57,1
DA:58,1
DA:62,1
DA:63,2
DA:64,2
DA:65,2
DA:66,1
DA:67,1
DA:68,1
DA:70,1
DA:72,1
DA:73,1
DA:85,1
DA:86,2
DA:88,2
DA:89,1
DA:93,1
DA:99,1
DA:100,1
DA:102,1
DA:103,1
DA:114,1
DA:115,2
DA:117,2
DA:118,1
DA:122,1
DA:123,1
DA:125,1
DA:126,1
DA:140,1
DA:141,2
DA:143,2
DA:144,1
DA:148,1
DA:156,1
DA:157,1
DA:159,1
DA:160,1
DA:164,1
DA:165,2
DA:166,2
DA:167,2
DA:168,1
DA:169,1
DA:170,1
DA:172,1
DA:174,1
DA:175,1
DA:187,1
DA:188,2
DA:190,2
DA:191,1
DA:195,1
DA:201,1
DA:202,1
DA:204,1
DA:205,1
DA:216,1
DA:217,2
DA:219,2
DA:220,1
DA:224,1
DA:225,1
DA:227,1
DA:228,1
DA:239,1
DA:240,3
DA:242,3
DA:243,1
DA:247,2
DA:253,2
DA:254,1
DA:255,1
DA:256,1
DA:263,1
DA:265,1
DA:266,1
DA:269,2
DA:271,1
DA:272,1
DA:283,1
DA:284,3
DA:286,3
DA:287,1
DA:291,2
DA:297,2
DA:298,1
DA:299,1
DA:300,1
DA:307,1
DA:309,1
DA:310,1
DA:313,2
DA:315,1
DA:316,1
DA:328,1
DA:329,3
DA:331,3
DA:332,1
DA:336,2
DA:343,2
DA:344,1
DA:345,1
DA:346,1
DA:353,1
DA:355,1
DA:356,1
DA:359,2
DA:361,1
DA:362,1
LF:117
LH:117
BRDA:41,0,0,1
BRDA:41,0,1,1
BRDA:41,1,0,2
BRDA:41,1,1,2
BRDA:41,1,2,1
BRDA:41,1,3,1
BRDA:41,1,4,1
BRDA:88,2,0,1
BRDA:88,2,1,1
BRDA:88,3,0,2
BRDA:88,3,1,1
BRDA:117,4,0,1
BRDA:117,4,1,1
BRDA:117,5,0,2
BRDA:117,5,1,1
BRDA:143,6,0,1
BRDA:143,6,1,1
BRDA:143,7,0,2
BRDA:143,7,1,2
BRDA:190,8,0,1
BRDA:190,8,1,1
BRDA:190,9,0,2
BRDA:190,9,1,1
BRDA:219,10,0,1
BRDA:219,10,1,1
BRDA:219,11,0,2
BRDA:219,11,1,1
BRDA:242,12,0,1
BRDA:242,12,1,2
BRDA:242,13,0,3
BRDA:242,13,1,2
BRDA:286,14,0,1
BRDA:286,14,1,2
BRDA:286,15,0,3
BRDA:286,15,1,3
BRDA:331,16,0,1
BRDA:331,16,1,2
BRDA:331,17,0,3
BRDA:331,17,1,2
BRDA:331,17,2,2
BRF:40
BRH:40
end_of_record
